<?xml version="1.0" encoding="UTF-8"?>
<testsuites name="Scenario Positive Case - Home" time="6.433" tests="3" failures="0" errors="0">
   <testsuite name="Scenario Positive Case - Home" tests="3" failures="0" errors="0" time="6.433" skipped="0" timestamp="2023-11-03 13:37:03" hostname="User - DESKTOP-9D92447" id="Test Suites/MoLeaWiz/Home/Positive Case/Scenario Positive Case - Home">
      <properties>
         <property name="deviceName" value=""/>
         <property name="devicePlatform" value=""/>
         <property name="logFolder" value="C:\\Users\\User\\git\\moleawiz_web_katalon_automation\\Reports\\20231103_133659\\MoLeaWiz\\Home\\Positive Case\\Scenario Positive Case - Home\\20231103_133659"/>
         <property name="logFiles" value="C:\\Users\\User\\git\\moleawiz_web_katalon_automation\\Reports\\20231103_133659\\MoLeaWiz\\Home\\Positive Case\\Scenario Positive Case - Home\\20231103_133659\\execution0.log"/>
         <property name="attachments" value=""/>
         <property name="hostName" value="User - DESKTOP-9D92447"/>
         <property name="os" value="Windows 11 64bit"/>
         <property name="katalonVersion" value="8.6.5.208"/>
         <property name="browser" value="Chrome 118.0.0.0"/>
         <property name="hostAddress" value="192.168.43.228"/>
         <property name="sessionId" value="2155b82531f9a314029e4009e33873cd"/>
         <property name="seleniumVersion" value="3.141.59"/>
         <property name="proxyInformation" value="ProxyInformation { proxyOption=NO_PROXY, proxyServerType=HTTP, username=, password=********, proxyServerAddress=, proxyServerPort=0, executionList=&quot;&quot;, isApplyToDesiredCapabilities=true }"/>
         <property name="platform" value="Windows 11"/>
      </properties>
      <testcase name="Test Cases/MoLeaWiz/Home/Positive Case/TCMH01 - User Open My Learning Journey" time="3.413" classname="Test Cases/MoLeaWiz/Home/Positive Case/TCMH01 - User Open My Learning Journey" status="PASSED">
         <system-out><![CDATA[2023-11-03 13:37:03 - [TEST_CASE][PASSED] - Test Cases/MoLeaWiz/Home/Positive Case/TCMH01 - User Open My Learning Journey: Test Cases/MoLeaWiz/Home/Positive Case/TCMH01 - User Open My Learning Journey

2023-11-03 13:37:03 - [TEST_STEP][PASSED] - click(findTestObject("Object Menu/btn_Collapse_Menu")): Object: 'Object Repository/Object Menu/btn_Collapse_Menu' is clicked on

2023-11-03 13:37:06 - [MESSAGE][PASSED] - Object: 'Object Repository/Object Menu/btn_Collapse_Menu' is clicked on

2023-11-03 13:37:06 - [TEST_STEP][PASSED] - click(findTestObject("Object Menu/btn_My_Learning_Journey_Menu")): Object: 'Object Repository/Object Menu/btn_My_Learning_Journey_Menu' is clicked on

2023-11-03 13:37:06 - [MESSAGE][PASSED] - Object: 'Object Repository/Object Menu/btn_My_Learning_Journey_Menu' is clicked on]]></system-out>
         <system-err><![CDATA[]]></system-err>
      </testcase>
      <testcase name="Test Cases/MoLeaWiz/Home/Positive Case/TCMH02 - User Open Achievements" time="0.876" classname="Test Cases/MoLeaWiz/Home/Positive Case/TCMH02 - User Open Achievements" status="PASSED">
         <system-out><![CDATA[2023-11-03 13:37:06 - [TEST_CASE][PASSED] - Test Cases/MoLeaWiz/Home/Positive Case/TCMH02 - User Open Achievements: Test Cases/MoLeaWiz/Home/Positive Case/TCMH02 - User Open Achievements

2023-11-03 13:37:07 - [TEST_STEP][PASSED] - click(findTestObject("Object Menu/btn_Achievements_Menu")): Object: 'Object Repository/Object Menu/btn_Achievements_Menu' is clicked on

2023-11-03 13:37:07 - [MESSAGE][PASSED] - Object: 'Object Repository/Object Menu/btn_Achievements_Menu' is clicked on]]></system-out>
         <system-err><![CDATA[]]></system-err>
      </testcase>
      <testcase name="Test Cases/MoLeaWiz/Home/Positive Case/TCMH08 - User Open Home" time="1.793" classname="Test Cases/MoLeaWiz/Home/Positive Case/TCMH08 - User Open Home" status="PASSED">
         <system-out><![CDATA[2023-11-03 13:37:07 - [TEST_CASE][PASSED] - Test Cases/MoLeaWiz/Home/Positive Case/TCMH08 - User Open Home: Test Cases/MoLeaWiz/Home/Positive Case/TCMH08 - User Open Home

2023-11-03 13:37:08 - [TEST_STEP][PASSED] - click(findTestObject("Object Menu/btn_Home_Menu")): Object: 'Object Repository/Object Menu/btn_Home_Menu' is clicked on

2023-11-03 13:37:09 - [MESSAGE][PASSED] - Object: 'Object Repository/Object Menu/btn_Home_Menu' is clicked on

2023-11-03 13:37:09 - [TEST_STEP][PASSED] - verifyElementPresent(findTestObject("Object Login/verify_Successfully_Login"), 0): Object 'Object Repository/Object Login/verify_Successfully_Login' is present

2023-11-03 13:37:09 - [MESSAGE][WARNING] - Timeout '0' is invalid. Using default page load timeout: '30'

2023-11-03 13:37:09 - [MESSAGE][PASSED] - Object 'Object Repository/Object Login/verify_Successfully_Login' is present]]></system-out>
         <system-err><![CDATA[]]></system-err>
      </testcase>
      <system-out><![CDATA[2023-11-03 13:37:03 - [TEST_SUITE][PASSED] - Scenario Positive Case - Home: Test Cases/MoLeaWiz/Home/Positive Case/TCMH08 - User Open Home]]></system-out>
      <system-err><![CDATA[]]></system-err>
   </testsuite>
</testsuites>
