<?xml version="1.0" encoding="UTF-8"?>
<testsuites name="Scenario Negative Case - Forgot Password" time="120.31" tests="5" failures="0" errors="0">
   <testsuite name="Scenario Negative Case - Forgot Password" tests="5" failures="0" errors="0" time="120.31" skipped="0" timestamp="2023-11-09 21:12:14" hostname="Hafizh Abdillah - DESKTOP-JE6N759" id="Test Suites/MoLeaWiz/Forgot Password/Negative Case/Scenario Negative Case - Forgot Password">
      <properties>
         <property name="deviceName" value=""/>
         <property name="devicePlatform" value=""/>
         <property name="logFolder" value="C:\\Users\\Hafizh Abdillah\\git\\moleawiz_web_katalon_automation\\Reports\\20231109_211212\\MoLeaWiz\\Forgot Password\\Negative Case\\Scenario Negative Case - Forgot Password\\20231109_211212"/>
         <property name="logFiles" value="C:\\Users\\Hafizh Abdillah\\git\\moleawiz_web_katalon_automation\\Reports\\20231109_211212\\MoLeaWiz\\Forgot Password\\Negative Case\\Scenario Negative Case - Forgot Password\\20231109_211212\\execution0.log"/>
         <property name="attachments" value=""/>
         <property name="hostName" value="Hafizh Abdillah - DESKTOP-JE6N759"/>
         <property name="os" value="Windows 11 64bit"/>
         <property name="katalonVersion" value="8.6.5.208"/>
         <property name="browser" value="Chrome 119.0.0.0"/>
         <property name="hostAddress" value="192.168.1.4"/>
         <property name="sessionId" value="26d937007f28a34c356e9edd8cbd6b74"/>
         <property name="seleniumVersion" value="3.141.59"/>
         <property name="proxyInformation" value="ProxyInformation { proxyOption=NO_PROXY, proxyServerType=HTTP, username=, password=********, proxyServerAddress=, proxyServerPort=0, executionList=&quot;&quot;, isApplyToDesiredCapabilities=true }"/>
         <property name="platform" value="Windows 11"/>
      </properties>
      <testcase name="Test Cases/MoLeaWiz/Forgot Password/Negative Case/TCFP02 - User tidak dapat mengubah kata sandi di Forgot Password dengan mengkosongkan field Username" time="12.871" classname="Test Cases/MoLeaWiz/Forgot Password/Negative Case/TCFP02 - User tidak dapat mengubah kata sandi di Forgot Password dengan mengkosongkan field Username" status="PASSED">
         <system-out><![CDATA[2023-11-09 21:12:14 - [TEST_CASE][PASSED] - Test Cases/MoLeaWiz/Forgot Password/Negative Case/TCFP02 - User tidak dapat mengubah kata sandi di Forgot Password dengan mengkosongkan field Username: Test Cases/MoLeaWiz/Forgot Password/Negative Case/TCFP02 - User tidak dapat mengubah kata sandi di Forgot Password dengan mengkosongkan field Username

2023-11-09 21:12:14 - [TEST_STEP][PASSED] - openBrowser(base_url): Browser is opened with url: 'https://moleawiz-web-dev.digimasia.com'

2023-11-09 21:12:15 - [MESSAGE][INFO] - Starting 'Chrome' driver

2023-11-09 21:12:15 - [MESSAGE][INFO] - User set preference: ['args', '[--window-size=1366,768]']

2023-11-09 21:12:15 - [MESSAGE][INFO] - Action delay is set to 50 milliseconds

2023-11-09 21:12:20 - [MESSAGE][PASSED] - Browser is opened with url: 'https://moleawiz-web-dev.digimasia.com'

2023-11-09 21:12:20 - [TEST_STEP][PASSED] - click(findTestObject("Object Forgot Password/btn_text_Forgot_Your_Password"), STOP_ON_FAILURE): Object: 'Object Repository/Object Forgot Password/btn_text_Forgot_Your_Password' is clicked on

2023-11-09 21:12:21 - [MESSAGE][PASSED] - Object: 'Object Repository/Object Forgot Password/btn_text_Forgot_Your_Password' is clicked on

2023-11-09 21:12:21 - [TEST_STEP][PASSED] - setText(findTestObject("Object Forgot Password/input_Username_Forgot_Password"), invalidUsername): Text 'test123' is set on object 'Object Repository/Object Forgot Password/input_Username_Forgot_Password'

2023-11-09 21:12:22 - [MESSAGE][PASSED] - Text 'test123' is set on object 'Object Repository/Object Forgot Password/input_Username_Forgot_Password'

2023-11-09 21:12:22 - [TEST_STEP][PASSED] - click(findTestObject("Object Forgot Password/btn_Request_Verification_Code_Forgot_Password")): Object: 'Object Repository/Object Forgot Password/btn_Request_Verification_Code_Forgot_Password' is clicked on

2023-11-09 21:12:22 - [MESSAGE][PASSED] - Object: 'Object Repository/Object Forgot Password/btn_Request_Verification_Code_Forgot_Password' is clicked on

2023-11-09 21:12:22 - [TEST_STEP][PASSED] - verifyElementVisible(findTestObject("Object Forgot Password/verify_Unsuccessfully_Change_Password - Invalid username Please try again"), STOP_ON_FAILURE): Object 'Object Repository/Object Forgot Password/verify_Unsuccessfully_Change_Password - Invalid username Please try again' is visible

2023-11-09 21:12:23 - [MESSAGE][PASSED] - Object 'Object Repository/Object Forgot Password/verify_Unsuccessfully_Change_Password - Invalid username Please try again' is visible

2023-11-09 21:12:23 - [TEST_STEP][PASSED] - delay(3): Delayed 3 second(s)

2023-11-09 21:12:26 - [MESSAGE][PASSED] - Delayed 3 second(s)

2023-11-09 21:12:26 - [TEST_STEP][PASSED] - closeBrowser(): Browser is closed

2023-11-09 21:12:27 - [MESSAGE][PASSED] - Browser is closed]]></system-out>
         <system-err><![CDATA[]]></system-err>
      </testcase>
      <testcase name="Test Cases/MoLeaWiz/Forgot Password/Negative Case/TCFP03 - User tidak dapat mengubah kata sandi di Forgot Password dengan invalid Username" time="15.859" classname="Test Cases/MoLeaWiz/Forgot Password/Negative Case/TCFP03 - User tidak dapat mengubah kata sandi di Forgot Password dengan invalid Username" status="PASSED">
         <system-out><![CDATA[2023-11-09 21:12:27 - [TEST_CASE][PASSED] - Test Cases/MoLeaWiz/Forgot Password/Negative Case/TCFP03 - User tidak dapat mengubah kata sandi di Forgot Password dengan invalid Username: Test Cases/MoLeaWiz/Forgot Password/Negative Case/TCFP03 - User tidak dapat mengubah kata sandi di Forgot Password dengan invalid Username

2023-11-09 21:12:27 - [TEST_STEP][PASSED] - openBrowser(base_url): Browser is opened with url: 'https://moleawiz-web-dev.digimasia.com'

2023-11-09 21:12:27 - [MESSAGE][INFO] - Starting 'Chrome' driver

2023-11-09 21:12:27 - [MESSAGE][INFO] - User set preference: ['args', '[--window-size=1366,768]']

2023-11-09 21:12:27 - [MESSAGE][INFO] - Action delay is set to 50 milliseconds

2023-11-09 21:12:37 - [MESSAGE][PASSED] - Browser is opened with url: 'https://moleawiz-web-dev.digimasia.com'

2023-11-09 21:12:37 - [TEST_STEP][PASSED] - click(findTestObject("Object Forgot Password/btn_text_Forgot_Your_Password"), STOP_ON_FAILURE): Object: 'Object Repository/Object Forgot Password/btn_text_Forgot_Your_Password' is clicked on

2023-11-09 21:12:38 - [MESSAGE][PASSED] - Object: 'Object Repository/Object Forgot Password/btn_text_Forgot_Your_Password' is clicked on

2023-11-09 21:12:38 - [TEST_STEP][PASSED] - click(findTestObject("Object Forgot Password/btn_Request_Verification_Code_Forgot_Password")): Object: 'Object Repository/Object Forgot Password/btn_Request_Verification_Code_Forgot_Password' is clicked on

2023-11-09 21:12:38 - [MESSAGE][PASSED] - Object: 'Object Repository/Object Forgot Password/btn_Request_Verification_Code_Forgot_Password' is clicked on

2023-11-09 21:12:38 - [TEST_STEP][PASSED] - verifyElementVisible(findTestObject("Object Forgot Password/verify_Unsuccessfully_Change_Password - Invalid username Please try again"), STOP_ON_FAILURE): Object 'Object Repository/Object Forgot Password/verify_Unsuccessfully_Change_Password - Invalid username Please try again' is visible

2023-11-09 21:12:39 - [MESSAGE][PASSED] - Object 'Object Repository/Object Forgot Password/verify_Unsuccessfully_Change_Password - Invalid username Please try again' is visible

2023-11-09 21:12:39 - [TEST_STEP][PASSED] - delay(3): Delayed 3 second(s)

2023-11-09 21:12:42 - [MESSAGE][PASSED] - Delayed 3 second(s)

2023-11-09 21:12:42 - [TEST_STEP][PASSED] - closeBrowser(): Browser is closed

2023-11-09 21:12:43 - [MESSAGE][PASSED] - Browser is closed]]></system-out>
         <system-err><![CDATA[]]></system-err>
      </testcase>
      <testcase name="Test Cases/MoLeaWiz/Forgot Password/Negative Case/TCFP04 - User tidak dapat mengubah kata sandi di Forgot Password dengan mengkosongkan field Verification Code" time="20.751" classname="Test Cases/MoLeaWiz/Forgot Password/Negative Case/TCFP04 - User tidak dapat mengubah kata sandi di Forgot Password dengan mengkosongkan field Verification Code" status="PASSED">
         <system-out><![CDATA[2023-11-09 21:12:43 - [TEST_CASE][PASSED] - Test Cases/MoLeaWiz/Forgot Password/Negative Case/TCFP04 - User tidak dapat mengubah kata sandi di Forgot Password dengan mengkosongkan field Verification Code: Test Cases/MoLeaWiz/Forgot Password/Negative Case/TCFP04 - User tidak dapat mengubah kata sandi di Forgot Password dengan mengkosongkan field Verification Code

2023-11-09 21:12:43 - [TEST_STEP][PASSED] - openBrowser(base_url): Browser is opened with url: 'https://moleawiz-web-dev.digimasia.com'

2023-11-09 21:12:43 - [MESSAGE][INFO] - Starting 'Chrome' driver

2023-11-09 21:12:43 - [MESSAGE][INFO] - User set preference: ['args', '[--window-size=1366,768]']

2023-11-09 21:12:43 - [MESSAGE][INFO] - Action delay is set to 50 milliseconds

2023-11-09 21:12:54 - [MESSAGE][PASSED] - Browser is opened with url: 'https://moleawiz-web-dev.digimasia.com'

2023-11-09 21:12:54 - [TEST_STEP][PASSED] - click(findTestObject("Object Forgot Password/btn_text_Forgot_Your_Password"), STOP_ON_FAILURE): Object: 'Object Repository/Object Forgot Password/btn_text_Forgot_Your_Password' is clicked on

2023-11-09 21:12:55 - [MESSAGE][PASSED] - Object: 'Object Repository/Object Forgot Password/btn_text_Forgot_Your_Password' is clicked on

2023-11-09 21:12:55 - [TEST_STEP][PASSED] - click(findTestObject("Object Forgot Password/btn_Icon_Back_Forgot_Password")): Object: 'Object Repository/Object Forgot Password/btn_Icon_Back_Forgot_Password' is clicked on

2023-11-09 21:12:55 - [MESSAGE][PASSED] - Object: 'Object Repository/Object Forgot Password/btn_Icon_Back_Forgot_Password' is clicked on

2023-11-09 21:12:55 - [TEST_STEP][PASSED] - click(findTestObject("Object Forgot Password/btn_text_Forgot_Your_Password"), STOP_ON_FAILURE): Object: 'Object Repository/Object Forgot Password/btn_text_Forgot_Your_Password' is clicked on

2023-11-09 21:12:56 - [MESSAGE][PASSED] - Object: 'Object Repository/Object Forgot Password/btn_text_Forgot_Your_Password' is clicked on

2023-11-09 21:12:56 - [TEST_STEP][PASSED] - setText(findTestObject("Object Forgot Password/input_Username_Forgot_Password"), usernameTesterHafizh): Text 'testerhafizh@gmail.com' is set on object 'Object Repository/Object Forgot Password/input_Username_Forgot_Password'

2023-11-09 21:12:57 - [MESSAGE][PASSED] - Text 'testerhafizh@gmail.com' is set on object 'Object Repository/Object Forgot Password/input_Username_Forgot_Password'

2023-11-09 21:12:57 - [TEST_STEP][PASSED] - click(findTestObject("Object Forgot Password/btn_Request_Verification_Code_Forgot_Password")): Object: 'Object Repository/Object Forgot Password/btn_Request_Verification_Code_Forgot_Password' is clicked on

2023-11-09 21:12:57 - [MESSAGE][PASSED] - Object: 'Object Repository/Object Forgot Password/btn_Request_Verification_Code_Forgot_Password' is clicked on

2023-11-09 21:12:57 - [TEST_STEP][PASSED] - click(findTestObject("Object Forgot Password/input_Verification_Code_Forgot_Password")): Object: 'Object Repository/Object Forgot Password/input_Verification_Code_Forgot_Password' is clicked on

2023-11-09 21:12:59 - [MESSAGE][PASSED] - Object: 'Object Repository/Object Forgot Password/input_Verification_Code_Forgot_Password' is clicked on

2023-11-09 21:12:59 - [TEST_STEP][PASSED] - verifyElementVisible(findTestObject("Object Forgot Password/btn_Verify_Forgot_Password"), STOP_ON_FAILURE): Object 'Object Repository/Object Forgot Password/btn_Verify_Forgot_Password' is visible

2023-11-09 21:13:00 - [MESSAGE][PASSED] - Object 'Object Repository/Object Forgot Password/btn_Verify_Forgot_Password' is visible

2023-11-09 21:13:00 - [TEST_STEP][PASSED] - delay(3): Delayed 3 second(s)

2023-11-09 21:13:03 - [MESSAGE][PASSED] - Delayed 3 second(s)

2023-11-09 21:13:03 - [TEST_STEP][PASSED] - closeBrowser(): Browser is closed

2023-11-09 21:13:03 - [MESSAGE][PASSED] - Browser is closed]]></system-out>
         <system-err><![CDATA[]]></system-err>
      </testcase>
      <testcase name="Test Cases/MoLeaWiz/Forgot Password/Negative Case/TCFP05 - User gagal mengubah kata sandi di Forgot Password dengan invalid Verification Code sebanyak 3 kali" time="22.859" classname="Test Cases/MoLeaWiz/Forgot Password/Negative Case/TCFP05 - User gagal mengubah kata sandi di Forgot Password dengan invalid Verification Code sebanyak 3 kali" status="PASSED">
         <system-out><![CDATA[2023-11-09 21:13:03 - [TEST_CASE][PASSED] - Test Cases/MoLeaWiz/Forgot Password/Negative Case/TCFP05 - User gagal mengubah kata sandi di Forgot Password dengan invalid Verification Code sebanyak 3 kali: Test Cases/MoLeaWiz/Forgot Password/Negative Case/TCFP05 - User gagal mengubah kata sandi di Forgot Password dengan invalid Verification Code sebanyak 3 kali

2023-11-09 21:13:04 - [TEST_STEP][PASSED] - openBrowser(base_url): Browser is opened with url: 'https://moleawiz-web-dev.digimasia.com'

2023-11-09 21:13:04 - [MESSAGE][INFO] - Starting 'Chrome' driver

2023-11-09 21:13:04 - [MESSAGE][INFO] - User set preference: ['args', '[--window-size=1366,768]']

2023-11-09 21:13:04 - [MESSAGE][INFO] - Action delay is set to 50 milliseconds

2023-11-09 21:13:05 - [MESSAGE][PASSED] - Browser is opened with url: 'https://moleawiz-web-dev.digimasia.com'

2023-11-09 21:13:05 - [TEST_STEP][PASSED] - click(findTestObject("Object Forgot Password/btn_text_Forgot_Your_Password"), STOP_ON_FAILURE): Object: 'Object Repository/Object Forgot Password/btn_text_Forgot_Your_Password' is clicked on

2023-11-09 21:13:07 - [MESSAGE][PASSED] - Object: 'Object Repository/Object Forgot Password/btn_text_Forgot_Your_Password' is clicked on

2023-11-09 21:13:07 - [TEST_STEP][PASSED] - click(findTestObject("Object Forgot Password/btn_Icon_Back_Forgot_Password")): Object: 'Object Repository/Object Forgot Password/btn_Icon_Back_Forgot_Password' is clicked on

2023-11-09 21:13:08 - [MESSAGE][PASSED] - Object: 'Object Repository/Object Forgot Password/btn_Icon_Back_Forgot_Password' is clicked on

2023-11-09 21:13:08 - [TEST_STEP][PASSED] - click(findTestObject("Object Forgot Password/btn_text_Forgot_Your_Password"), STOP_ON_FAILURE): Object: 'Object Repository/Object Forgot Password/btn_text_Forgot_Your_Password' is clicked on

2023-11-09 21:13:09 - [MESSAGE][PASSED] - Object: 'Object Repository/Object Forgot Password/btn_text_Forgot_Your_Password' is clicked on

2023-11-09 21:13:09 - [TEST_STEP][PASSED] - setText(findTestObject("Object Forgot Password/input_Username_Forgot_Password"), usernameTesterHafizh): Text 'testerhafizh@gmail.com' is set on object 'Object Repository/Object Forgot Password/input_Username_Forgot_Password'

2023-11-09 21:13:09 - [MESSAGE][PASSED] - Text 'testerhafizh@gmail.com' is set on object 'Object Repository/Object Forgot Password/input_Username_Forgot_Password'

2023-11-09 21:13:09 - [TEST_STEP][PASSED] - click(findTestObject("Object Forgot Password/btn_Request_Verification_Code_Forgot_Password")): Object: 'Object Repository/Object Forgot Password/btn_Request_Verification_Code_Forgot_Password' is clicked on

2023-11-09 21:13:10 - [MESSAGE][PASSED] - Object: 'Object Repository/Object Forgot Password/btn_Request_Verification_Code_Forgot_Password' is clicked on

2023-11-09 21:13:10 - [TEST_STEP][PASSED] - setText(findTestObject("Object Forgot Password/input_Verification_Code_Forgot_Password"), "12345"): Text '12345' is set on object 'Object Repository/Object Forgot Password/input_Verification_Code_Forgot_Password'

2023-11-09 21:13:13 - [MESSAGE][PASSED] - Text '12345' is set on object 'Object Repository/Object Forgot Password/input_Verification_Code_Forgot_Password'

2023-11-09 21:13:13 - [TEST_STEP][PASSED] - click(findTestObject("Object Forgot Password/btn_Verify_Forgot_Password")): Object: 'Object Repository/Object Forgot Password/btn_Verify_Forgot_Password' is clicked on

2023-11-09 21:13:14 - [MESSAGE][PASSED] - Object: 'Object Repository/Object Forgot Password/btn_Verify_Forgot_Password' is clicked on

2023-11-09 21:13:14 - [TEST_STEP][PASSED] - click(findTestObject("Object Forgot Password/input_Verification_Code_Forgot_Password"), STOP_ON_FAILURE): Object: 'Object Repository/Object Forgot Password/input_Verification_Code_Forgot_Password' is clicked on

2023-11-09 21:13:15 - [MESSAGE][PASSED] - Object: 'Object Repository/Object Forgot Password/input_Verification_Code_Forgot_Password' is clicked on

2023-11-09 21:13:15 - [TEST_STEP][PASSED] - sendKeys(findTestObject("Object Forgot Password/input_Verification_Code_Forgot_Password"), Keys.chord(CONTROL, "a")): Keys 'CONTROL + a' sent to object: 'Object Repository/Object Forgot Password/input_Verification_Code_Forgot_Password'

2023-11-09 21:13:15 - [MESSAGE][PASSED] - Keys 'CONTROL + a' sent to object: 'Object Repository/Object Forgot Password/input_Verification_Code_Forgot_Password'

2023-11-09 21:13:15 - [TEST_STEP][PASSED] - sendKeys(findTestObject("Object Forgot Password/input_Verification_Code_Forgot_Password"), Keys.chord(BACK_SPACE)): Keys 'BACK_SPACE + ' sent to object: 'Object Repository/Object Forgot Password/input_Verification_Code_Forgot_Password'

2023-11-09 21:13:16 - [MESSAGE][PASSED] - Keys 'BACK_SPACE + ' sent to object: 'Object Repository/Object Forgot Password/input_Verification_Code_Forgot_Password'

2023-11-09 21:13:16 - [TEST_STEP][PASSED] - setText(findTestObject("Object Forgot Password/input_Verification_Code_Forgot_Password"), "12345"): Text '12345' is set on object 'Object Repository/Object Forgot Password/input_Verification_Code_Forgot_Password'

2023-11-09 21:13:17 - [MESSAGE][PASSED] - Text '12345' is set on object 'Object Repository/Object Forgot Password/input_Verification_Code_Forgot_Password'

2023-11-09 21:13:17 - [TEST_STEP][PASSED] - click(findTestObject("Object Forgot Password/btn_Verify_Forgot_Password")): Object: 'Object Repository/Object Forgot Password/btn_Verify_Forgot_Password' is clicked on

2023-11-09 21:13:18 - [MESSAGE][PASSED] - Object: 'Object Repository/Object Forgot Password/btn_Verify_Forgot_Password' is clicked on

2023-11-09 21:13:18 - [TEST_STEP][PASSED] - click(findTestObject("Object Forgot Password/input_Verification_Code_Forgot_Password"), STOP_ON_FAILURE): Object: 'Object Repository/Object Forgot Password/input_Verification_Code_Forgot_Password' is clicked on

2023-11-09 21:13:19 - [MESSAGE][PASSED] - Object: 'Object Repository/Object Forgot Password/input_Verification_Code_Forgot_Password' is clicked on

2023-11-09 21:13:19 - [TEST_STEP][PASSED] - sendKeys(findTestObject("Object Forgot Password/input_Verification_Code_Forgot_Password"), Keys.chord(CONTROL, "a")): Keys 'CONTROL + a' sent to object: 'Object Repository/Object Forgot Password/input_Verification_Code_Forgot_Password'

2023-11-09 21:13:19 - [MESSAGE][PASSED] - Keys 'CONTROL + a' sent to object: 'Object Repository/Object Forgot Password/input_Verification_Code_Forgot_Password'

2023-11-09 21:13:19 - [TEST_STEP][PASSED] - sendKeys(findTestObject("Object Forgot Password/input_Verification_Code_Forgot_Password"), Keys.chord(BACK_SPACE)): Keys 'BACK_SPACE + ' sent to object: 'Object Repository/Object Forgot Password/input_Verification_Code_Forgot_Password'

2023-11-09 21:13:20 - [MESSAGE][PASSED] - Keys 'BACK_SPACE + ' sent to object: 'Object Repository/Object Forgot Password/input_Verification_Code_Forgot_Password'

2023-11-09 21:13:20 - [TEST_STEP][PASSED] - setText(findTestObject("Object Forgot Password/input_Verification_Code_Forgot_Password"), "12345"): Text '12345' is set on object 'Object Repository/Object Forgot Password/input_Verification_Code_Forgot_Password'

2023-11-09 21:13:21 - [MESSAGE][PASSED] - Text '12345' is set on object 'Object Repository/Object Forgot Password/input_Verification_Code_Forgot_Password'

2023-11-09 21:13:21 - [TEST_STEP][PASSED] - click(findTestObject("Object Forgot Password/btn_Verify_Forgot_Password")): Object: 'Object Repository/Object Forgot Password/btn_Verify_Forgot_Password' is clicked on

2023-11-09 21:13:22 - [MESSAGE][PASSED] - Object: 'Object Repository/Object Forgot Password/btn_Verify_Forgot_Password' is clicked on

2023-11-09 21:13:22 - [TEST_STEP][PASSED] - verifyElementVisible(findTestObject("Object Forgot Password/verify_Unsuccessfully_Change_Password - Too many failed verify attempts"), STOP_ON_FAILURE): Object 'Object Repository/Object Forgot Password/verify_Unsuccessfully_Change_Password - Too many failed verify attempts' is visible

2023-11-09 21:13:23 - [MESSAGE][PASSED] - Object 'Object Repository/Object Forgot Password/verify_Unsuccessfully_Change_Password - Too many failed verify attempts' is visible

2023-11-09 21:13:23 - [TEST_STEP][PASSED] - delay(3): Delayed 3 second(s)

2023-11-09 21:13:26 - [MESSAGE][PASSED] - Delayed 3 second(s)

2023-11-09 21:13:26 - [TEST_STEP][PASSED] - closeBrowser(): Browser is closed

2023-11-09 21:13:26 - [MESSAGE][PASSED] - Browser is closed]]></system-out>
         <system-err><![CDATA[]]></system-err>
      </testcase>
      <testcase name="Test Cases/MoLeaWiz/Forgot Password/Negative Case/TCFP06 - User tidak dapat mengubah kata sandi di Forgot Password dengan tidak samanya inputan New Password dan Confirm New Password" time="47.727" classname="Test Cases/MoLeaWiz/Forgot Password/Negative Case/TCFP06 - User tidak dapat mengubah kata sandi di Forgot Password dengan tidak samanya inputan New Password dan Confirm New Password" status="PASSED">
         <system-out><![CDATA[2023-11-09 21:13:26 - [TEST_CASE][PASSED] - Test Cases/MoLeaWiz/Forgot Password/Negative Case/TCFP06 - User tidak dapat mengubah kata sandi di Forgot Password dengan tidak samanya inputan New Password dan Confirm New Password: Test Cases/MoLeaWiz/Forgot Password/Negative Case/TCFP06 - User tidak dapat mengubah kata sandi di Forgot Password dengan tidak samanya inputan New Password dan Confirm New Password

2023-11-09 21:13:26 - [TEST_STEP][PASSED] - openBrowser(base_url): Browser is opened with url: 'https://moleawiz-web-dev.digimasia.com'

2023-11-09 21:13:26 - [MESSAGE][INFO] - Starting 'Chrome' driver

2023-11-09 21:13:26 - [MESSAGE][INFO] - User set preference: ['args', '[--window-size=1366,768]']

2023-11-09 21:13:26 - [MESSAGE][INFO] - Action delay is set to 50 milliseconds

2023-11-09 21:13:33 - [MESSAGE][PASSED] - Browser is opened with url: 'https://moleawiz-web-dev.digimasia.com'

2023-11-09 21:13:33 - [TEST_STEP][PASSED] - click(findTestObject("Object Forgot Password/btn_text_Forgot_Your_Password"), STOP_ON_FAILURE): Object: 'Object Repository/Object Forgot Password/btn_text_Forgot_Your_Password' is clicked on

2023-11-09 21:13:34 - [MESSAGE][PASSED] - Object: 'Object Repository/Object Forgot Password/btn_text_Forgot_Your_Password' is clicked on

2023-11-09 21:13:34 - [TEST_STEP][PASSED] - click(findTestObject("Object Forgot Password/btn_Icon_Back_Forgot_Password")): Object: 'Object Repository/Object Forgot Password/btn_Icon_Back_Forgot_Password' is clicked on

2023-11-09 21:13:34 - [MESSAGE][PASSED] - Object: 'Object Repository/Object Forgot Password/btn_Icon_Back_Forgot_Password' is clicked on

2023-11-09 21:13:34 - [TEST_STEP][PASSED] - click(findTestObject("Object Forgot Password/btn_text_Forgot_Your_Password"), STOP_ON_FAILURE): Object: 'Object Repository/Object Forgot Password/btn_text_Forgot_Your_Password' is clicked on

2023-11-09 21:13:35 - [MESSAGE][PASSED] - Object: 'Object Repository/Object Forgot Password/btn_text_Forgot_Your_Password' is clicked on

2023-11-09 21:13:35 - [TEST_STEP][PASSED] - setText(findTestObject("Object Forgot Password/input_Username_Forgot_Password"), usernameTesterHafizh): Text 'testerhafizh@gmail.com' is set on object 'Object Repository/Object Forgot Password/input_Username_Forgot_Password'

2023-11-09 21:13:36 - [MESSAGE][PASSED] - Text 'testerhafizh@gmail.com' is set on object 'Object Repository/Object Forgot Password/input_Username_Forgot_Password'

2023-11-09 21:13:36 - [TEST_STEP][PASSED] - click(findTestObject("Object Forgot Password/btn_Request_Verification_Code_Forgot_Password")): Object: 'Object Repository/Object Forgot Password/btn_Request_Verification_Code_Forgot_Password' is clicked on

2023-11-09 21:13:36 - [MESSAGE][PASSED] - Object: 'Object Repository/Object Forgot Password/btn_Request_Verification_Code_Forgot_Password' is clicked on

2023-11-09 21:13:36 - [TEST_STEP][PASSED] - comment("Delay for input verification code by manually"): Delay for input verification code by manually

2023-11-09 21:13:36 - [MESSAGE][INFO] - Delay for input verification code by manually

2023-11-09 21:13:36 - [TEST_STEP][PASSED] - delay(30, STOP_ON_FAILURE): Delayed 30 second(s)

2023-11-09 21:14:06 - [MESSAGE][PASSED] - Delayed 30 second(s)

2023-11-09 21:14:06 - [TEST_STEP][PASSED] - click(findTestObject("Object Forgot Password/btn_Verify_Forgot_Password")): Object: 'Object Repository/Object Forgot Password/btn_Verify_Forgot_Password' is clicked on

2023-11-09 21:14:07 - [MESSAGE][PASSED] - Object: 'Object Repository/Object Forgot Password/btn_Verify_Forgot_Password' is clicked on

2023-11-09 21:14:07 - [TEST_STEP][PASSED] - setText(findTestObject("Object Forgot Password/input_New_Password_Forgot_Password"), "12345"): Text '12345' is set on object 'Object Repository/Object Forgot Password/input_New_Password_Forgot_Password'

2023-11-09 21:14:08 - [MESSAGE][PASSED] - Text '12345' is set on object 'Object Repository/Object Forgot Password/input_New_Password_Forgot_Password'

2023-11-09 21:14:08 - [TEST_STEP][PASSED] - click(findTestObject("Object Forgot Password/btn_Icon_Hide_UnHide_Password_Forgot_Password")): Object: 'Object Repository/Object Forgot Password/btn_Icon_Hide_UnHide_Password_Forgot_Password' is clicked on

2023-11-09 21:14:08 - [MESSAGE][PASSED] - Object: 'Object Repository/Object Forgot Password/btn_Icon_Hide_UnHide_Password_Forgot_Password' is clicked on

2023-11-09 21:14:08 - [TEST_STEP][PASSED] - setText(findTestObject("Object Forgot Password/input_Confirm_New_Password_Forgot_Password"), "123456"): Text '123456' is set on object 'Object Repository/Object Forgot Password/input_Confirm_New_Password_Forgot_Password'

2023-11-09 21:14:09 - [MESSAGE][PASSED] - Text '123456' is set on object 'Object Repository/Object Forgot Password/input_Confirm_New_Password_Forgot_Password'

2023-11-09 21:14:09 - [TEST_STEP][PASSED] - click(findTestObject("Object Forgot Password/btn_Change_Password_Forgot_Password"), STOP_ON_FAILURE): Object: 'Object Repository/Object Forgot Password/btn_Change_Password_Forgot_Password' is clicked on

2023-11-09 21:14:10 - [MESSAGE][PASSED] - Object: 'Object Repository/Object Forgot Password/btn_Change_Password_Forgot_Password' is clicked on

2023-11-09 21:14:10 - [TEST_STEP][PASSED] - verifyElementVisible(findTestObject("Object Forgot Password/verify_Unsuccessfully_Change_Password - The password doesnt match Please review your input"), STOP_ON_FAILURE): Object 'Object Repository/Object Forgot Password/verify_Unsuccessfully_Change_Password - The password doesnt match Please review your input' is visible

2023-11-09 21:14:10 - [MESSAGE][PASSED] - Object 'Object Repository/Object Forgot Password/verify_Unsuccessfully_Change_Password - The password doesnt match Please review your input' is visible

2023-11-09 21:14:10 - [TEST_STEP][PASSED] - delay(3): Delayed 3 second(s)

2023-11-09 21:14:13 - [MESSAGE][PASSED] - Delayed 3 second(s)

2023-11-09 21:14:13 - [TEST_STEP][PASSED] - closeBrowser(): Browser is closed

2023-11-09 21:14:14 - [MESSAGE][PASSED] - Browser is closed]]></system-out>
         <system-err><![CDATA[]]></system-err>
      </testcase>
      <system-out><![CDATA[2023-11-09 21:12:14 - [TEST_SUITE][PASSED] - Scenario Negative Case - Forgot Password: Test Cases/MoLeaWiz/Forgot Password/Negative Case/TCFP06 - User tidak dapat mengubah kata sandi di Forgot Password dengan tidak samanya inputan New Password dan Confirm New Password]]></system-out>
      <system-err><![CDATA[]]></system-err>
   </testsuite>
</testsuites>
