<?xml version="1.0" encoding="UTF-8"?>
<testsuites name="Scenario Negative Case - Login" time="107.733" tests="6" failures="0" errors="0">
   <testsuite name="Scenario Negative Case - Login" tests="6" failures="0" errors="0" time="107.733" skipped="0" timestamp="2023-11-10 10:25:12" hostname="User - DESKTOP-9D92447" id="Test Suites/MoLeaWiz/Login/Negative Case/Scenario Negative Case - Login">
      <properties>
         <property name="deviceName" value=""/>
         <property name="devicePlatform" value=""/>
         <property name="logFolder" value="C:\\Users\\User\\git\\moleawiz_web_katalon_automation\\Reports\\20231110_102507\\MoLeaWiz\\Login\\Negative Case\\Scenario Negative Case - Login\\20231110_102507"/>
         <property name="logFiles" value="C:\\Users\\User\\git\\moleawiz_web_katalon_automation\\Reports\\20231110_102507\\MoLeaWiz\\Login\\Negative Case\\Scenario Negative Case - Login\\20231110_102507\\execution0.log"/>
         <property name="attachments" value=""/>
         <property name="hostName" value="User - DESKTOP-9D92447"/>
         <property name="os" value="Windows 11 64bit"/>
         <property name="katalonVersion" value="8.6.5.208"/>
         <property name="browser" value="Chrome 119.0.0.0"/>
         <property name="hostAddress" value="192.168.1.28"/>
         <property name="sessionId" value="966f358fe7265c7d6326820b9ab660ca"/>
         <property name="seleniumVersion" value="3.141.59"/>
         <property name="proxyInformation" value="ProxyInformation { proxyOption=NO_PROXY, proxyServerType=HTTP, username=, password=********, proxyServerAddress=, proxyServerPort=0, executionList=&quot;&quot;, isApplyToDesiredCapabilities=true }"/>
         <property name="platform" value="Windows 11"/>
      </properties>
      <testcase name="Test Cases/MoLeaWiz/Login/Negative Case/TCML03 - User cant Login with empty all mandatory field" time="15.879" classname="Test Cases/MoLeaWiz/Login/Negative Case/TCML03 - User cant Login with empty all mandatory field" status="PASSED">
         <system-out><![CDATA[2023-11-10 10:25:13 - [TEST_CASE][PASSED] - Test Cases/MoLeaWiz/Login/Negative Case/TCML03 - User cant Login with empty all mandatory field: Test Cases/MoLeaWiz/Login/Negative Case/TCML03 - User cant Login with empty all mandatory field

2023-11-10 10:25:14 - [TEST_STEP][PASSED] - openBrowser(base_url): Browser is opened with url: 'https://moleawiz-web-dev.digimasia.com'

2023-11-10 10:25:15 - [MESSAGE][INFO] - Starting 'Chrome' driver

2023-11-10 10:25:15 - [MESSAGE][INFO] - User set preference: ['args', '[--window-size=1366,768]']

2023-11-10 10:25:15 - [MESSAGE][INFO] - Action delay is set to 50 milliseconds

2023-11-10 10:25:23 - [MESSAGE][PASSED] - Browser is opened with url: 'https://moleawiz-web-dev.digimasia.com'

2023-11-10 10:25:23 - [TEST_STEP][PASSED] - click(findTestObject("Object Login/btn_login")): Object: 'Object Repository/Object Login/btn_login' is clicked on

2023-11-10 10:25:25 - [MESSAGE][PASSED] - Object: 'Object Repository/Object Login/btn_login' is clicked on

2023-11-10 10:25:25 - [TEST_STEP][PASSED] - verifyElementVisible(findTestObject("Object Login/verify_Unsuccessfully_Login - Please fill your username, password, and answer"), STOP_ON_FAILURE): Object 'Object Repository/Object Login/verify_Unsuccessfully_Login - Please fill your username, password, and answer' is visible

2023-11-10 10:25:25 - [MESSAGE][PASSED] - Object 'Object Repository/Object Login/verify_Unsuccessfully_Login - Please fill your username, password, and answer' is visible

2023-11-10 10:25:25 - [TEST_STEP][PASSED] - delay(2): Delayed 2 second(s)

2023-11-10 10:25:27 - [MESSAGE][PASSED] - Delayed 2 second(s)

2023-11-10 10:25:27 - [TEST_STEP][PASSED] - closeBrowser(): Browser is closed

2023-11-10 10:25:29 - [MESSAGE][PASSED] - Browser is closed]]></system-out>
         <system-err><![CDATA[]]></system-err>
      </testcase>
      <testcase name="Test Cases/MoLeaWiz/Login/Negative Case/TCML04 - User cant Login with valid username and empty Password and Your answer" time="13.045" classname="Test Cases/MoLeaWiz/Login/Negative Case/TCML04 - User cant Login with valid username and empty Password and Your answer" status="PASSED">
         <system-out><![CDATA[2023-11-10 10:25:29 - [TEST_CASE][PASSED] - Test Cases/MoLeaWiz/Login/Negative Case/TCML04 - User cant Login with valid username and empty Password and Your answer: Test Cases/MoLeaWiz/Login/Negative Case/TCML04 - User cant Login with valid username and empty Password and Your answer

2023-11-10 10:25:29 - [TEST_STEP][PASSED] - openBrowser(base_url): Browser is opened with url: 'https://moleawiz-web-dev.digimasia.com'

2023-11-10 10:25:29 - [MESSAGE][INFO] - Starting 'Chrome' driver

2023-11-10 10:25:29 - [MESSAGE][INFO] - User set preference: ['args', '[--window-size=1366,768]']

2023-11-10 10:25:29 - [MESSAGE][INFO] - Action delay is set to 50 milliseconds

2023-11-10 10:25:35 - [MESSAGE][PASSED] - Browser is opened with url: 'https://moleawiz-web-dev.digimasia.com'

2023-11-10 10:25:35 - [TEST_STEP][PASSED] - setText(findTestObject("Object Login/input_Username_Login"), usernameMoLeaWiz): Text 'testerdigima@digimasia.com' is set on object 'Object Repository/Object Login/input_Username_Login'

2023-11-10 10:25:37 - [MESSAGE][PASSED] - Text 'testerdigima@digimasia.com' is set on object 'Object Repository/Object Login/input_Username_Login'

2023-11-10 10:25:37 - [TEST_STEP][PASSED] - click(findTestObject("Object Login/btn_login")): Object: 'Object Repository/Object Login/btn_login' is clicked on

2023-11-10 10:25:38 - [MESSAGE][PASSED] - Object: 'Object Repository/Object Login/btn_login' is clicked on

2023-11-10 10:25:38 - [TEST_STEP][PASSED] - verifyElementVisible(findTestObject("Object Login/verify_Unsuccessfully_Login - Please fill your password and answer"), STOP_ON_FAILURE): Object 'Object Repository/Object Login/verify_Unsuccessfully_Login - Please fill your password and answer' is visible

2023-11-10 10:25:39 - [MESSAGE][PASSED] - Object 'Object Repository/Object Login/verify_Unsuccessfully_Login - Please fill your password and answer' is visible

2023-11-10 10:25:39 - [TEST_STEP][PASSED] - delay(2): Delayed 2 second(s)

2023-11-10 10:25:41 - [MESSAGE][PASSED] - Delayed 2 second(s)

2023-11-10 10:25:41 - [TEST_STEP][PASSED] - closeBrowser(): Browser is closed

2023-11-10 10:25:42 - [MESSAGE][PASSED] - Browser is closed]]></system-out>
         <system-err><![CDATA[]]></system-err>
      </testcase>
      <testcase name="Test Cases/MoLeaWiz/Login/Negative Case/TCML05 - User cant Login with invalid username and password" time="18.211" classname="Test Cases/MoLeaWiz/Login/Negative Case/TCML05 - User cant Login with invalid username and password" status="PASSED">
         <system-out><![CDATA[2023-11-10 10:25:42 - [TEST_CASE][PASSED] - Test Cases/MoLeaWiz/Login/Negative Case/TCML05 - User cant Login with invalid username and password: Test Cases/MoLeaWiz/Login/Negative Case/TCML05 - User cant Login with invalid username and password

2023-11-10 10:25:42 - [TEST_STEP][PASSED] - openBrowser(base_url): Browser is opened with url: 'https://moleawiz-web-dev.digimasia.com'

2023-11-10 10:25:42 - [MESSAGE][INFO] - Starting 'Chrome' driver

2023-11-10 10:25:42 - [MESSAGE][INFO] - User set preference: ['args', '[--window-size=1366,768]']

2023-11-10 10:25:42 - [MESSAGE][INFO] - Action delay is set to 50 milliseconds

2023-11-10 10:25:50 - [MESSAGE][PASSED] - Browser is opened with url: 'https://moleawiz-web-dev.digimasia.com'

2023-11-10 10:25:50 - [TEST_STEP][PASSED] - setText(findTestObject("Object Login/input_Username_Login"), invalidUsername): Text 'test123' is set on object 'Object Repository/Object Login/input_Username_Login'

2023-11-10 10:25:51 - [MESSAGE][PASSED] - Text 'test123' is set on object 'Object Repository/Object Login/input_Username_Login'

2023-11-10 10:25:51 - [TEST_STEP][PASSED] - setText(findTestObject("Object Login/input_Password_Login"), invalidPassword): Text '123' is set on object 'Object Repository/Object Login/input_Password_Login'

2023-11-10 10:25:52 - [MESSAGE][PASSED] - Text '123' is set on object 'Object Repository/Object Login/input_Password_Login'

2023-11-10 10:25:52 - [TEST_STEP][PASSED] - comment("function captcha your answer"): function captcha your answer

2023-11-10 10:25:52 - [MESSAGE][INFO] - function captcha your answer

2023-11-10 10:25:52 - [TEST_STEP][PASSED] - keywordFunctionLogin.FunctionLogin.automationCaptcha(): keywordFunctionLogin.FunctionLogin.automationCaptcha is PASSED

2023-11-10 10:25:53 - [MESSAGE][PASSED] - Text of object 'Object Repository/Object Login/captcha_Num1_Login' is: '11'

2023-11-10 10:25:53 - [MESSAGE][PASSED] - Text of object 'Object Repository/Object Login/captcha_Num2_Login' is: '1'

2023-11-10 10:25:53 - [MESSAGE][PASSED] - Keys '12' sent to object: 'Object Repository/Object Login/input_Captcha_Your_Answer_Login'

2023-11-10 10:25:53 - [MESSAGE][PASSED] - keywordFunctionLogin.FunctionLogin.automationCaptcha is PASSED

2023-11-10 10:25:53 - [TEST_STEP][PASSED] - click(findTestObject("Object Login/btn_login")): Object: 'Object Repository/Object Login/btn_login' is clicked on

2023-11-10 10:25:54 - [MESSAGE][PASSED] - Object: 'Object Repository/Object Login/btn_login' is clicked on

2023-11-10 10:25:54 - [TEST_STEP][PASSED] - verifyElementVisible(findTestObject("Object Login/verify_Unsuccessfully_Login - Invalid login credentials Please try again"), STOP_ON_FAILURE): Object 'Object Repository/Object Login/verify_Unsuccessfully_Login - Invalid login credentials Please try again' is visible

2023-11-10 10:25:56 - [MESSAGE][PASSED] - Object 'Object Repository/Object Login/verify_Unsuccessfully_Login - Invalid login credentials Please try again' is visible

2023-11-10 10:25:56 - [TEST_STEP][PASSED] - delay(3): Delayed 3 second(s)

2023-11-10 10:25:59 - [MESSAGE][PASSED] - Delayed 3 second(s)

2023-11-10 10:25:59 - [TEST_STEP][PASSED] - closeBrowser(): Browser is closed

2023-11-10 10:26:00 - [MESSAGE][PASSED] - Browser is closed]]></system-out>
         <system-err><![CDATA[]]></system-err>
      </testcase>
      <testcase name="Test Cases/MoLeaWiz/Login/Negative Case/TCML06 - User Login with empty username and empty Password" time="13.935" classname="Test Cases/MoLeaWiz/Login/Negative Case/TCML06 - User Login with empty username and empty Password" status="PASSED">
         <system-out><![CDATA[2023-11-10 10:26:00 - [TEST_CASE][PASSED] - Test Cases/MoLeaWiz/Login/Negative Case/TCML06 - User Login with empty username and empty Password: Test Cases/MoLeaWiz/Login/Negative Case/TCML06 - User Login with empty username and empty Password

2023-11-10 10:26:00 - [TEST_STEP][PASSED] - openBrowser(base_url): Browser is opened with url: 'https://moleawiz-web-dev.digimasia.com'

2023-11-10 10:26:00 - [MESSAGE][INFO] - Starting 'Chrome' driver

2023-11-10 10:26:00 - [MESSAGE][INFO] - User set preference: ['args', '[--window-size=1366,768]']

2023-11-10 10:26:00 - [MESSAGE][INFO] - Action delay is set to 50 milliseconds

2023-11-10 10:26:08 - [MESSAGE][PASSED] - Browser is opened with url: 'https://moleawiz-web-dev.digimasia.com'

2023-11-10 10:26:08 - [TEST_STEP][PASSED] - comment("function captcha your answer"): function captcha your answer

2023-11-10 10:26:08 - [MESSAGE][INFO] - function captcha your answer

2023-11-10 10:26:08 - [TEST_STEP][PASSED] - keywordFunctionLogin.FunctionLogin.automationCaptcha(): keywordFunctionLogin.FunctionLogin.automationCaptcha is PASSED

2023-11-10 10:26:09 - [MESSAGE][PASSED] - Text of object 'Object Repository/Object Login/captcha_Num1_Login' is: '10'

2023-11-10 10:26:09 - [MESSAGE][PASSED] - Text of object 'Object Repository/Object Login/captcha_Num2_Login' is: '15'

2023-11-10 10:26:10 - [MESSAGE][PASSED] - Keys '25' sent to object: 'Object Repository/Object Login/input_Captcha_Your_Answer_Login'

2023-11-10 10:26:10 - [MESSAGE][PASSED] - keywordFunctionLogin.FunctionLogin.automationCaptcha is PASSED

2023-11-10 10:26:10 - [TEST_STEP][PASSED] - click(findTestObject("Object Login/btn_login")): Object: 'Object Repository/Object Login/btn_login' is clicked on

2023-11-10 10:26:10 - [MESSAGE][PASSED] - Object: 'Object Repository/Object Login/btn_login' is clicked on

2023-11-10 10:26:10 - [TEST_STEP][PASSED] - verifyElementPresent(findTestObject("Object Login/verify_Unsuccessfully_Login - Please fill your username and password"), 0): Object 'Object Repository/Object Login/verify_Unsuccessfully_Login - Please fill your username and password' is present

2023-11-10 10:26:10 - [MESSAGE][WARNING] - Timeout '0' is invalid. Using default page load timeout: '30'

2023-11-10 10:26:11 - [MESSAGE][PASSED] - Object 'Object Repository/Object Login/verify_Unsuccessfully_Login - Please fill your username and password' is present

2023-11-10 10:26:11 - [TEST_STEP][PASSED] - delay(2): Delayed 2 second(s)

2023-11-10 10:26:13 - [MESSAGE][PASSED] - Delayed 2 second(s)

2023-11-10 10:26:13 - [TEST_STEP][PASSED] - closeBrowser(): Browser is closed

2023-11-10 10:26:14 - [MESSAGE][PASSED] - Browser is closed]]></system-out>
         <system-err><![CDATA[]]></system-err>
      </testcase>
      <testcase name="Test Cases/MoLeaWiz/Login/Negative Case/TCML07 - User Login with empty Your Answer" time="15.67" classname="Test Cases/MoLeaWiz/Login/Negative Case/TCML07 - User Login with empty Your Answer" status="PASSED">
         <system-out><![CDATA[2023-11-10 10:26:14 - [TEST_CASE][PASSED] - Test Cases/MoLeaWiz/Login/Negative Case/TCML07 - User Login with empty Your Answer: Test Cases/MoLeaWiz/Login/Negative Case/TCML07 - User Login with empty Your Answer

2023-11-10 10:26:14 - [TEST_STEP][PASSED] - openBrowser(base_url): Browser is opened with url: 'https://moleawiz-web-dev.digimasia.com'

2023-11-10 10:26:14 - [MESSAGE][INFO] - Starting 'Chrome' driver

2023-11-10 10:26:14 - [MESSAGE][INFO] - User set preference: ['args', '[--window-size=1366,768]']

2023-11-10 10:26:14 - [MESSAGE][INFO] - Action delay is set to 50 milliseconds

2023-11-10 10:26:22 - [MESSAGE][PASSED] - Browser is opened with url: 'https://moleawiz-web-dev.digimasia.com'

2023-11-10 10:26:22 - [TEST_STEP][PASSED] - setText(findTestObject("Object Login/input_Username_Login"), usernameMoLeaWiz): Text 'testerdigima@digimasia.com' is set on object 'Object Repository/Object Login/input_Username_Login'

2023-11-10 10:26:24 - [MESSAGE][PASSED] - Text 'testerdigima@digimasia.com' is set on object 'Object Repository/Object Login/input_Username_Login'

2023-11-10 10:26:24 - [TEST_STEP][PASSED] - setText(findTestObject("Object Login/input_Password_Login"), passwordMoLeaWiz): Text '12345' is set on object 'Object Repository/Object Login/input_Password_Login'

2023-11-10 10:26:25 - [MESSAGE][PASSED] - Text '12345' is set on object 'Object Repository/Object Login/input_Password_Login'

2023-11-10 10:26:25 - [TEST_STEP][PASSED] - click(findTestObject("Object Login/btn_login")): Object: 'Object Repository/Object Login/btn_login' is clicked on

2023-11-10 10:26:26 - [MESSAGE][PASSED] - Object: 'Object Repository/Object Login/btn_login' is clicked on

2023-11-10 10:26:26 - [TEST_STEP][PASSED] - verifyElementPresent(findTestObject("Object Login/verify_Unsuccessfully_Login - Please fill your answer"), 0): Object 'Object Repository/Object Login/verify_Unsuccessfully_Login - Please fill your answer' is present

2023-11-10 10:26:26 - [MESSAGE][WARNING] - Timeout '0' is invalid. Using default page load timeout: '30'

2023-11-10 10:26:26 - [MESSAGE][PASSED] - Object 'Object Repository/Object Login/verify_Unsuccessfully_Login - Please fill your answer' is present

2023-11-10 10:26:26 - [TEST_STEP][PASSED] - delay(2): Delayed 2 second(s)

2023-11-10 10:26:28 - [MESSAGE][PASSED] - Delayed 2 second(s)

2023-11-10 10:26:28 - [TEST_STEP][PASSED] - closeBrowser(): Browser is closed

2023-11-10 10:26:29 - [MESSAGE][PASSED] - Browser is closed]]></system-out>
         <system-err><![CDATA[]]></system-err>
      </testcase>
      <testcase name="Test Cases/MoLeaWiz/Login/Negative Case/TCML08 - User cant login because to many try login with invalid username and password" time="30.485" classname="Test Cases/MoLeaWiz/Login/Negative Case/TCML08 - User cant login because to many try login with invalid username and password" status="PASSED">
         <system-out><![CDATA[2023-11-10 10:26:29 - [TEST_CASE][PASSED] - Test Cases/MoLeaWiz/Login/Negative Case/TCML08 - User cant login because to many try login with invalid username and password: Test Cases/MoLeaWiz/Login/Negative Case/TCML08 - User cant login because to many try login with invalid username and password

2023-11-10 10:26:30 - [TEST_STEP][PASSED] - openBrowser(base_url): Browser is opened with url: 'https://moleawiz-web-dev.digimasia.com'

2023-11-10 10:26:30 - [MESSAGE][INFO] - Starting 'Chrome' driver

2023-11-10 10:26:30 - [MESSAGE][INFO] - User set preference: ['args', '[--window-size=1366,768]']

2023-11-10 10:26:30 - [MESSAGE][INFO] - Action delay is set to 50 milliseconds

2023-11-10 10:26:37 - [MESSAGE][PASSED] - Browser is opened with url: 'https://moleawiz-web-dev.digimasia.com'

2023-11-10 10:26:37 - [TEST_STEP][PASSED] - setText(findTestObject("Object Login/input_Username_Login"), "test1234"): Text 'test1234' is set on object 'Object Repository/Object Login/input_Username_Login'

2023-11-10 10:26:38 - [MESSAGE][PASSED] - Text 'test1234' is set on object 'Object Repository/Object Login/input_Username_Login'

2023-11-10 10:26:38 - [TEST_STEP][PASSED] - setText(findTestObject("Object Login/input_Password_Login"), "12345"): Text '12345' is set on object 'Object Repository/Object Login/input_Password_Login'

2023-11-10 10:26:39 - [MESSAGE][PASSED] - Text '12345' is set on object 'Object Repository/Object Login/input_Password_Login'

2023-11-10 10:26:39 - [TEST_STEP][PASSED] - comment("function captcha your answer"): function captcha your answer

2023-11-10 10:26:39 - [MESSAGE][INFO] - function captcha your answer

2023-11-10 10:26:39 - [TEST_STEP][PASSED] - keywordFunctionLogin.FunctionLogin.automationCaptcha(): keywordFunctionLogin.FunctionLogin.automationCaptcha is PASSED

2023-11-10 10:26:40 - [MESSAGE][PASSED] - Text of object 'Object Repository/Object Login/captcha_Num1_Login' is: '11'

2023-11-10 10:26:40 - [MESSAGE][PASSED] - Text of object 'Object Repository/Object Login/captcha_Num2_Login' is: '9'

2023-11-10 10:26:41 - [MESSAGE][PASSED] - Keys '20' sent to object: 'Object Repository/Object Login/input_Captcha_Your_Answer_Login'

2023-11-10 10:26:41 - [MESSAGE][PASSED] - keywordFunctionLogin.FunctionLogin.automationCaptcha is PASSED

2023-11-10 10:26:41 - [TEST_STEP][PASSED] - click(findTestObject("Object Login/btn_login")): Object: 'Object Repository/Object Login/btn_login' is clicked on

2023-11-10 10:26:41 - [MESSAGE][PASSED] - Object: 'Object Repository/Object Login/btn_login' is clicked on

2023-11-10 10:26:41 - [TEST_STEP][PASSED] - delay(2): Delayed 2 second(s)

2023-11-10 10:26:43 - [MESSAGE][PASSED] - Delayed 2 second(s)

2023-11-10 10:26:43 - [TEST_STEP][PASSED] - keywordFunctionLogin.FunctionLogin.automationCaptcha(): keywordFunctionLogin.FunctionLogin.automationCaptcha is PASSED

2023-11-10 10:26:44 - [MESSAGE][PASSED] - Text of object 'Object Repository/Object Login/captcha_Num1_Login' is: '15'

2023-11-10 10:26:44 - [MESSAGE][PASSED] - Text of object 'Object Repository/Object Login/captcha_Num2_Login' is: '2'

2023-11-10 10:26:45 - [MESSAGE][PASSED] - Keys '17' sent to object: 'Object Repository/Object Login/input_Captcha_Your_Answer_Login'

2023-11-10 10:26:45 - [MESSAGE][PASSED] - keywordFunctionLogin.FunctionLogin.automationCaptcha is PASSED

2023-11-10 10:26:45 - [TEST_STEP][PASSED] - click(findTestObject("Object Login/btn_login")): Object: 'Object Repository/Object Login/btn_login' is clicked on

2023-11-10 10:26:45 - [MESSAGE][PASSED] - Object: 'Object Repository/Object Login/btn_login' is clicked on

2023-11-10 10:26:45 - [TEST_STEP][PASSED] - delay(2): Delayed 2 second(s)

2023-11-10 10:26:47 - [MESSAGE][PASSED] - Delayed 2 second(s)

2023-11-10 10:26:47 - [TEST_STEP][PASSED] - keywordFunctionLogin.FunctionLogin.automationCaptcha(): keywordFunctionLogin.FunctionLogin.automationCaptcha is PASSED

2023-11-10 10:26:48 - [MESSAGE][PASSED] - Text of object 'Object Repository/Object Login/captcha_Num1_Login' is: '4'

2023-11-10 10:26:48 - [MESSAGE][PASSED] - Text of object 'Object Repository/Object Login/captcha_Num2_Login' is: '3'

2023-11-10 10:26:48 - [MESSAGE][PASSED] - Keys '7' sent to object: 'Object Repository/Object Login/input_Captcha_Your_Answer_Login'

2023-11-10 10:26:48 - [MESSAGE][PASSED] - keywordFunctionLogin.FunctionLogin.automationCaptcha is PASSED

2023-11-10 10:26:48 - [TEST_STEP][PASSED] - click(findTestObject("Object Login/btn_login")): Object: 'Object Repository/Object Login/btn_login' is clicked on

2023-11-10 10:26:49 - [MESSAGE][PASSED] - Object: 'Object Repository/Object Login/btn_login' is clicked on

2023-11-10 10:26:49 - [TEST_STEP][PASSED] - delay(2): Delayed 2 second(s)

2023-11-10 10:26:51 - [MESSAGE][PASSED] - Delayed 2 second(s)

2023-11-10 10:26:51 - [TEST_STEP][PASSED] - keywordFunctionLogin.FunctionLogin.automationCaptcha(): keywordFunctionLogin.FunctionLogin.automationCaptcha is PASSED

2023-11-10 10:26:52 - [MESSAGE][PASSED] - Text of object 'Object Repository/Object Login/captcha_Num1_Login' is: '10'

2023-11-10 10:26:52 - [MESSAGE][PASSED] - Text of object 'Object Repository/Object Login/captcha_Num2_Login' is: '1'

2023-11-10 10:26:52 - [MESSAGE][PASSED] - Keys '11' sent to object: 'Object Repository/Object Login/input_Captcha_Your_Answer_Login'

2023-11-10 10:26:52 - [MESSAGE][PASSED] - keywordFunctionLogin.FunctionLogin.automationCaptcha is PASSED

2023-11-10 10:26:52 - [TEST_STEP][PASSED] - click(findTestObject("Object Login/btn_login")): Object: 'Object Repository/Object Login/btn_login' is clicked on

2023-11-10 10:26:53 - [MESSAGE][PASSED] - Object: 'Object Repository/Object Login/btn_login' is clicked on

2023-11-10 10:26:53 - [TEST_STEP][PASSED] - delay(2): Delayed 2 second(s)

2023-11-10 10:26:55 - [MESSAGE][PASSED] - Delayed 2 second(s)

2023-11-10 10:26:55 - [TEST_STEP][PASSED] - verifyElementVisible(findTestObject("Object Login/verify_Unsuccessfully_Login - Too many failed login attempts Please try again in 1 minutes"), STOP_ON_FAILURE): Object 'Object Repository/Object Login/verify_Unsuccessfully_Login - Too many failed login attempts Please try again in 1 minutes' is visible

2023-11-10 10:26:56 - [MESSAGE][PASSED] - Object 'Object Repository/Object Login/verify_Unsuccessfully_Login - Too many failed login attempts Please try again in 1 minutes' is visible

2023-11-10 10:26:56 - [TEST_STEP][PASSED] - delay(3): Delayed 3 second(s)

2023-11-10 10:26:59 - [MESSAGE][PASSED] - Delayed 3 second(s)

2023-11-10 10:26:59 - [TEST_STEP][PASSED] - closeBrowser(): Browser is closed

2023-11-10 10:27:00 - [MESSAGE][PASSED] - Browser is closed]]></system-out>
         <system-err><![CDATA[]]></system-err>
      </testcase>
      <system-out><![CDATA[2023-11-10 10:25:12 - [TEST_SUITE][PASSED] - Scenario Negative Case - Login: Test Cases/MoLeaWiz/Login/Negative Case/TCML08 - User cant login because to many try login with invalid username and password]]></system-out>
      <system-err><![CDATA[]]></system-err>
   </testsuite>
</testsuites>
