<?xml version="1.0" encoding="UTF-8"?>
<testsuites name="Scenario Positive Case User Profile" time="64.526" tests="6" failures="0" errors="0">
   <testsuite name="Scenario Positive Case User Profile" tests="6" failures="0" errors="0" time="64.526" skipped="0" timestamp="2024-01-12 10:08:49" hostname="User - DESKTOP-9D92447" id="Test Suites/MoLeaWiz/User Profile/Positive Case/Scenario Positive Case User Profile">
      <properties>
         <property name="deviceName" value=""/>
         <property name="devicePlatform" value=""/>
         <property name="logFolder" value="C:\\Users\\User\\git\\moleawiz_web_katalon_automation\\Reports\\20240112_100846\\MoLeaWiz\\User Profile\\Positive Case\\Scenario Positive Case User Profile\\20240112_100846"/>
         <property name="logFiles" value="C:\\Users\\User\\git\\moleawiz_web_katalon_automation\\Reports\\20240112_100846\\MoLeaWiz\\User Profile\\Positive Case\\Scenario Positive Case User Profile\\20240112_100846\\execution0.log"/>
         <property name="attachments" value=""/>
         <property name="hostName" value="User - DESKTOP-9D92447"/>
         <property name="os" value="Windows 11 64bit"/>
         <property name="katalonVersion" value="8.6.5.208"/>
         <property name="browser" value="Chrome 120.0.0.0"/>
         <property name="hostAddress" value="192.168.1.44"/>
         <property name="sessionId" value="30dad682c95f6c078ac22cc2da5ebffd"/>
         <property name="seleniumVersion" value="3.141.59"/>
         <property name="proxyInformation" value="ProxyInformation { proxyOption=NO_PROXY, proxyServerType=HTTP, username=, password=********, proxyServerAddress=, proxyServerPort=0, executionList=&quot;&quot;, isApplyToDesiredCapabilities=true }"/>
         <property name="platform" value="Windows 11"/>
      </properties>
      <testcase name="Test Cases/MoLeaWiz/User Profile/Positive Case/TCMUP01 - User bisa membuka halaman User Profile" time="7.563" classname="Test Cases/MoLeaWiz/User Profile/Positive Case/TCMUP01 - User bisa membuka halaman User Profile" status="PASSED">
         <system-out><![CDATA[2024-01-12 10:08:50 - [TEST_CASE][PASSED] - Test Cases/MoLeaWiz/User Profile/Positive Case/TCMUP01 - User bisa membuka halaman User Profile: Test Cases/MoLeaWiz/User Profile/Positive Case/TCMUP01 - User bisa membuka halaman User Profile

2024-01-12 10:08:50 - [TEST_STEP][PASSED] - click(findTestObject("Object Menu/btn_Home_Menu")): Object: 'Object Repository/Object Menu/btn_Home_Menu' is clicked on

2024-01-12 10:08:53 - [MESSAGE][PASSED] - Object: 'Object Repository/Object Menu/btn_Home_Menu' is clicked on

2024-01-12 10:08:53 - [TEST_STEP][PASSED] - click(findTestObject("Object Login/dropdown_User_Profile")): Object: 'Object Repository/Object Login/dropdown_User_Profile' is clicked on

2024-01-12 10:08:53 - [MESSAGE][PASSED] - Object: 'Object Repository/Object Login/dropdown_User_Profile' is clicked on

2024-01-12 10:08:53 - [TEST_STEP][PASSED] - click(findTestObject("Object User Profile/btn_Profile_User_Profile")): Object: 'Object Repository/Object User Profile/btn_Profile_User_Profile' is clicked on

2024-01-12 10:08:54 - [MESSAGE][PASSED] - Object: 'Object Repository/Object User Profile/btn_Profile_User_Profile' is clicked on

2024-01-12 10:08:54 - [TEST_STEP][PASSED] - verifyElementPresent(findTestObject("Object User Profile/verify_Successfully_Open_User_Profile"), 0): Object 'Object Repository/Object User Profile/verify_Successfully_Open_User_Profile' is present

2024-01-12 10:08:54 - [MESSAGE][WARNING] - Timeout '0' is invalid. Using default page load timeout: '30'

2024-01-12 10:08:56 - [MESSAGE][PASSED] - Object 'Object Repository/Object User Profile/verify_Successfully_Open_User_Profile' is present

2024-01-12 10:08:56 - [TEST_STEP][PASSED] - verifyElementPresent(findTestObject("Object User Profile/verify_Successfully_Open_User_Profile - Role"), 0): Object 'Object Repository/Object User Profile/verify_Successfully_Open_User_Profile - Role' is present

2024-01-12 10:08:56 - [MESSAGE][WARNING] - Timeout '0' is invalid. Using default page load timeout: '30'

2024-01-12 10:08:57 - [MESSAGE][PASSED] - Object 'Object Repository/Object User Profile/verify_Successfully_Open_User_Profile - Role' is present

2024-01-12 10:08:57 - [TEST_STEP][PASSED] - verifyElementPresent(findTestObject("Object User Profile/verify_Successfully_Open_User_Profile - Username"), 0): Object 'Object Repository/Object User Profile/verify_Successfully_Open_User_Profile - Username' is present

2024-01-12 10:08:57 - [MESSAGE][WARNING] - Timeout '0' is invalid. Using default page load timeout: '30'

2024-01-12 10:08:57 - [MESSAGE][PASSED] - Object 'Object Repository/Object User Profile/verify_Successfully_Open_User_Profile - Username' is present

2024-01-12 10:08:57 - [TEST_STEP][PASSED] - verifyElementPresent(findTestObject("Object User Profile/verify_Successfully_Open_User_Profile - Registration Date"), 0): Object 'Object Repository/Object User Profile/verify_Successfully_Open_User_Profile - Registration Date' is present

2024-01-12 10:08:57 - [MESSAGE][WARNING] - Timeout '0' is invalid. Using default page load timeout: '30'

2024-01-12 10:08:57 - [MESSAGE][PASSED] - Object 'Object Repository/Object User Profile/verify_Successfully_Open_User_Profile - Registration Date' is present]]></system-out>
         <system-err><![CDATA[]]></system-err>
      </testcase>
      <testcase name="Test Cases/MoLeaWiz/User Profile/Positive Case/TCMUP02 - User bisa membuka tab Certificate dan bisa membuka sertifikat pada halam User Profile" time="7.828" classname="Test Cases/MoLeaWiz/User Profile/Positive Case/TCMUP02 - User bisa membuka tab Certificate dan bisa membuka sertifikat pada halam User Profile" status="PASSED">
         <system-out><![CDATA[2024-01-12 10:08:57 - [TEST_CASE][PASSED] - Test Cases/MoLeaWiz/User Profile/Positive Case/TCMUP02 - User bisa membuka tab Certificate dan bisa membuka sertifikat pada halam User Profile: Test Cases/MoLeaWiz/User Profile/Positive Case/TCMUP02 - User bisa membuka tab Certificate dan bisa membuka sertifikat pada halam User Profile

2024-01-12 10:08:58 - [TEST_STEP][PASSED] - click(findTestObject("Object Menu/btn_Home_Menu")): Object: 'Object Repository/Object Menu/btn_Home_Menu' is clicked on

2024-01-12 10:08:58 - [MESSAGE][PASSED] - Object: 'Object Repository/Object Menu/btn_Home_Menu' is clicked on

2024-01-12 10:08:58 - [TEST_STEP][PASSED] - click(findTestObject("Object Login/dropdown_User_Profile")): Object: 'Object Repository/Object Login/dropdown_User_Profile' is clicked on

2024-01-12 10:08:59 - [MESSAGE][PASSED] - Object: 'Object Repository/Object Login/dropdown_User_Profile' is clicked on

2024-01-12 10:08:59 - [TEST_STEP][PASSED] - click(findTestObject("Object User Profile/btn_Profile_User_Profile")): Object: 'Object Repository/Object User Profile/btn_Profile_User_Profile' is clicked on

2024-01-12 10:09:00 - [MESSAGE][PASSED] - Object: 'Object Repository/Object User Profile/btn_Profile_User_Profile' is clicked on

2024-01-12 10:09:00 - [TEST_STEP][PASSED] - verifyElementPresent(findTestObject("Object User Profile/verify_Successfully_Open_User_Profile"), 0): Object 'Object Repository/Object User Profile/verify_Successfully_Open_User_Profile' is present

2024-01-12 10:09:00 - [MESSAGE][WARNING] - Timeout '0' is invalid. Using default page load timeout: '30'

2024-01-12 10:09:02 - [MESSAGE][PASSED] - Object 'Object Repository/Object User Profile/verify_Successfully_Open_User_Profile' is present

2024-01-12 10:09:02 - [TEST_STEP][PASSED] - verifyElementPresent(findTestObject("Object User Profile/verify_Successfully_Open_User_Profile - Role"), 0): Object 'Object Repository/Object User Profile/verify_Successfully_Open_User_Profile - Role' is present

2024-01-12 10:09:02 - [MESSAGE][WARNING] - Timeout '0' is invalid. Using default page load timeout: '30'

2024-01-12 10:09:02 - [MESSAGE][PASSED] - Object 'Object Repository/Object User Profile/verify_Successfully_Open_User_Profile - Role' is present

2024-01-12 10:09:02 - [TEST_STEP][PASSED] - verifyElementPresent(findTestObject("Object User Profile/verify_Successfully_Open_User_Profile - Username"), 0): Object 'Object Repository/Object User Profile/verify_Successfully_Open_User_Profile - Username' is present

2024-01-12 10:09:03 - [MESSAGE][WARNING] - Timeout '0' is invalid. Using default page load timeout: '30'

2024-01-12 10:09:03 - [MESSAGE][PASSED] - Object 'Object Repository/Object User Profile/verify_Successfully_Open_User_Profile - Username' is present

2024-01-12 10:09:03 - [TEST_STEP][PASSED] - verifyElementPresent(findTestObject("Object User Profile/verify_Successfully_Open_User_Profile - Registration Date"), 0): Object 'Object Repository/Object User Profile/verify_Successfully_Open_User_Profile - Registration Date' is present

2024-01-12 10:09:03 - [MESSAGE][WARNING] - Timeout '0' is invalid. Using default page load timeout: '30'

2024-01-12 10:09:03 - [MESSAGE][PASSED] - Object 'Object Repository/Object User Profile/verify_Successfully_Open_User_Profile - Registration Date' is present

2024-01-12 10:09:03 - [TEST_STEP][PASSED] - click(findTestObject("Object User Profile/tab_certificates_user_profile")): Object: 'Object Repository/Object User Profile/tab_certificates_user_profile' is clicked on

2024-01-12 10:09:04 - [MESSAGE][PASSED] - Object: 'Object Repository/Object User Profile/tab_certificates_user_profile' is clicked on

2024-01-12 10:09:04 - [TEST_STEP][PASSED] - click(findTestObject("Object User Profile/btn_view_certificates_user_profile")): Object: 'Object Repository/Object User Profile/btn_view_certificates_user_profile' is clicked on

2024-01-12 10:09:04 - [MESSAGE][PASSED] - Object: 'Object Repository/Object User Profile/btn_view_certificates_user_profile' is clicked on

2024-01-12 10:09:04 - [TEST_STEP][PASSED] - click(findTestObject("Object User Profile/btn_download_certificates_user_profile")): Object: 'Object Repository/Object User Profile/btn_download_certificates_user_profile' is clicked on

2024-01-12 10:09:05 - [MESSAGE][PASSED] - Object: 'Object Repository/Object User Profile/btn_download_certificates_user_profile' is clicked on]]></system-out>
         <system-err><![CDATA[]]></system-err>
      </testcase>
      <testcase name="Test Cases/MoLeaWiz/User Profile/Positive Case/TCMUP03 - User bisa membuka tab Badges pada halam User Profile" time="20.213" classname="Test Cases/MoLeaWiz/User Profile/Positive Case/TCMUP03 - User bisa membuka tab Badges pada halam User Profile" status="PASSED">
         <system-out><![CDATA[2024-01-12 10:09:05 - [TEST_CASE][PASSED] - Test Cases/MoLeaWiz/User Profile/Positive Case/TCMUP03 - User bisa membuka tab Badges pada halam User Profile: Test Cases/MoLeaWiz/User Profile/Positive Case/TCMUP03 - User bisa membuka tab Badges pada halam User Profile

2024-01-12 10:09:06 - [TEST_STEP][PASSED] - click(findTestObject("Object Menu/btn_Home_Menu")): Object: 'Object Repository/Object Menu/btn_Home_Menu' is clicked on

2024-01-12 10:09:19 - [MESSAGE][PASSED] - Object: 'Object Repository/Object Menu/btn_Home_Menu' is clicked on

2024-01-12 10:09:19 - [TEST_STEP][PASSED] - click(findTestObject("Object Login/dropdown_User_Profile")): Object: 'Object Repository/Object Login/dropdown_User_Profile' is clicked on

2024-01-12 10:09:20 - [MESSAGE][PASSED] - Object: 'Object Repository/Object Login/dropdown_User_Profile' is clicked on

2024-01-12 10:09:20 - [TEST_STEP][PASSED] - click(findTestObject("Object User Profile/btn_Profile_User_Profile")): Object: 'Object Repository/Object User Profile/btn_Profile_User_Profile' is clicked on

2024-01-12 10:09:21 - [MESSAGE][PASSED] - Object: 'Object Repository/Object User Profile/btn_Profile_User_Profile' is clicked on

2024-01-12 10:09:21 - [TEST_STEP][PASSED] - verifyElementPresent(findTestObject("Object User Profile/verify_Successfully_Open_User_Profile"), 0): Object 'Object Repository/Object User Profile/verify_Successfully_Open_User_Profile' is present

2024-01-12 10:09:21 - [MESSAGE][WARNING] - Timeout '0' is invalid. Using default page load timeout: '30'

2024-01-12 10:09:24 - [MESSAGE][PASSED] - Object 'Object Repository/Object User Profile/verify_Successfully_Open_User_Profile' is present

2024-01-12 10:09:24 - [TEST_STEP][PASSED] - verifyElementPresent(findTestObject("Object User Profile/verify_Successfully_Open_User_Profile - Role"), 0): Object 'Object Repository/Object User Profile/verify_Successfully_Open_User_Profile - Role' is present

2024-01-12 10:09:24 - [MESSAGE][WARNING] - Timeout '0' is invalid. Using default page load timeout: '30'

2024-01-12 10:09:24 - [MESSAGE][PASSED] - Object 'Object Repository/Object User Profile/verify_Successfully_Open_User_Profile - Role' is present

2024-01-12 10:09:24 - [TEST_STEP][PASSED] - verifyElementPresent(findTestObject("Object User Profile/verify_Successfully_Open_User_Profile - Username"), 0): Object 'Object Repository/Object User Profile/verify_Successfully_Open_User_Profile - Username' is present

2024-01-12 10:09:24 - [MESSAGE][WARNING] - Timeout '0' is invalid. Using default page load timeout: '30'

2024-01-12 10:09:25 - [MESSAGE][PASSED] - Object 'Object Repository/Object User Profile/verify_Successfully_Open_User_Profile - Username' is present

2024-01-12 10:09:25 - [TEST_STEP][PASSED] - verifyElementPresent(findTestObject("Object User Profile/verify_Successfully_Open_User_Profile - Registration Date"), 0): Object 'Object Repository/Object User Profile/verify_Successfully_Open_User_Profile - Registration Date' is present

2024-01-12 10:09:25 - [MESSAGE][WARNING] - Timeout '0' is invalid. Using default page load timeout: '30'

2024-01-12 10:09:25 - [MESSAGE][PASSED] - Object 'Object Repository/Object User Profile/verify_Successfully_Open_User_Profile - Registration Date' is present

2024-01-12 10:09:25 - [TEST_STEP][PASSED] - click(findTestObject("Object User Profile/tab_badges_user_profile")): Object: 'Object Repository/Object User Profile/tab_badges_user_profile' is clicked on

2024-01-12 10:09:25 - [MESSAGE][PASSED] - Object: 'Object Repository/Object User Profile/tab_badges_user_profile' is clicked on]]></system-out>
         <system-err><![CDATA[]]></system-err>
      </testcase>
      <testcase name="Test Cases/MoLeaWiz/User Profile/Positive Case/TCMUP04 - User bisa membuka tab Program Completed dan user bisa membuka overview dari program yang sudah completed pada halam User Profile" time="8.912" classname="Test Cases/MoLeaWiz/User Profile/Positive Case/TCMUP04 - User bisa membuka tab Program Completed dan user bisa membuka overview dari program yang sudah completed pada halam User Profile" status="PASSED">
         <system-out><![CDATA[2024-01-12 10:09:26 - [TEST_CASE][PASSED] - Test Cases/MoLeaWiz/User Profile/Positive Case/TCMUP04 - User bisa membuka tab Program Completed dan user bisa membuka overview dari program yang sudah completed pada halam User Profile: Test Cases/MoLeaWiz/User Profile/Positive Case/TCMUP04 - User bisa membuka tab Program Completed dan user bisa membuka overview dari program yang sudah completed pada halam User Profile

2024-01-12 10:09:26 - [TEST_STEP][PASSED] - click(findTestObject("Object Menu/btn_Home_Menu")): Object: 'Object Repository/Object Menu/btn_Home_Menu' is clicked on

2024-01-12 10:09:27 - [MESSAGE][PASSED] - Object: 'Object Repository/Object Menu/btn_Home_Menu' is clicked on

2024-01-12 10:09:27 - [TEST_STEP][PASSED] - click(findTestObject("Object Login/dropdown_User_Profile")): Object: 'Object Repository/Object Login/dropdown_User_Profile' is clicked on

2024-01-12 10:09:28 - [MESSAGE][PASSED] - Object: 'Object Repository/Object Login/dropdown_User_Profile' is clicked on

2024-01-12 10:09:28 - [TEST_STEP][PASSED] - click(findTestObject("Object User Profile/btn_Profile_User_Profile")): Object: 'Object Repository/Object User Profile/btn_Profile_User_Profile' is clicked on

2024-01-12 10:09:28 - [MESSAGE][PASSED] - Object: 'Object Repository/Object User Profile/btn_Profile_User_Profile' is clicked on

2024-01-12 10:09:28 - [TEST_STEP][PASSED] - verifyElementPresent(findTestObject("Object User Profile/verify_Successfully_Open_User_Profile"), 0): Object 'Object Repository/Object User Profile/verify_Successfully_Open_User_Profile' is present

2024-01-12 10:09:29 - [MESSAGE][WARNING] - Timeout '0' is invalid. Using default page load timeout: '30'

2024-01-12 10:09:32 - [MESSAGE][PASSED] - Object 'Object Repository/Object User Profile/verify_Successfully_Open_User_Profile' is present

2024-01-12 10:09:32 - [TEST_STEP][PASSED] - verifyElementPresent(findTestObject("Object User Profile/verify_Successfully_Open_User_Profile - Role"), 0): Object 'Object Repository/Object User Profile/verify_Successfully_Open_User_Profile - Role' is present

2024-01-12 10:09:32 - [MESSAGE][WARNING] - Timeout '0' is invalid. Using default page load timeout: '30'

2024-01-12 10:09:32 - [MESSAGE][PASSED] - Object 'Object Repository/Object User Profile/verify_Successfully_Open_User_Profile - Role' is present

2024-01-12 10:09:32 - [TEST_STEP][PASSED] - verifyElementPresent(findTestObject("Object User Profile/verify_Successfully_Open_User_Profile - Username"), 0): Object 'Object Repository/Object User Profile/verify_Successfully_Open_User_Profile - Username' is present

2024-01-12 10:09:32 - [MESSAGE][WARNING] - Timeout '0' is invalid. Using default page load timeout: '30'

2024-01-12 10:09:32 - [MESSAGE][PASSED] - Object 'Object Repository/Object User Profile/verify_Successfully_Open_User_Profile - Username' is present

2024-01-12 10:09:32 - [TEST_STEP][PASSED] - verifyElementPresent(findTestObject("Object User Profile/verify_Successfully_Open_User_Profile - Registration Date"), 0): Object 'Object Repository/Object User Profile/verify_Successfully_Open_User_Profile - Registration Date' is present

2024-01-12 10:09:33 - [MESSAGE][WARNING] - Timeout '0' is invalid. Using default page load timeout: '30'

2024-01-12 10:09:33 - [MESSAGE][PASSED] - Object 'Object Repository/Object User Profile/verify_Successfully_Open_User_Profile - Registration Date' is present

2024-01-12 10:09:33 - [TEST_STEP][PASSED] - click(findTestObject("Object User Profile/tab_completed_program_user_profile")): Object: 'Object Repository/Object User Profile/tab_completed_program_user_profile' is clicked on

2024-01-12 10:09:33 - [MESSAGE][PASSED] - Object: 'Object Repository/Object User Profile/tab_completed_program_user_profile' is clicked on

2024-01-12 10:09:33 - [TEST_STEP][PASSED] - click(findTestObject("Object User Profile/btn_overview_completed_program_user_profile")): Object: 'Object Repository/Object User Profile/btn_overview_completed_program_user_profile' is clicked on

2024-01-12 10:09:34 - [MESSAGE][PASSED] - Object: 'Object Repository/Object User Profile/btn_overview_completed_program_user_profile' is clicked on

2024-01-12 10:09:34 - [TEST_STEP][PASSED] - click(findTestObject("Object User Profile/btn_overview_close_completed_program_user_profile")): Object: 'Object Repository/Object User Profile/btn_overview_close_completed_program_user_profile' is clicked on

2024-01-12 10:09:34 - [MESSAGE][PASSED] - Object: 'Object Repository/Object User Profile/btn_overview_close_completed_program_user_profile' is clicked on]]></system-out>
         <system-err><![CDATA[]]></system-err>
      </testcase>
      <testcase name="Test Cases/MoLeaWiz/User Profile/Positive Case/TCMUP05 - User bisa meng-Export Profile pada halam User Profile" time="8.649" classname="Test Cases/MoLeaWiz/User Profile/Positive Case/TCMUP05 - User bisa meng-Export Profile pada halam User Profile" status="PASSED">
         <system-out><![CDATA[2024-01-12 10:09:34 - [TEST_CASE][PASSED] - Test Cases/MoLeaWiz/User Profile/Positive Case/TCMUP05 - User bisa meng-Export Profile pada halam User Profile: Test Cases/MoLeaWiz/User Profile/Positive Case/TCMUP05 - User bisa meng-Export Profile pada halam User Profile

2024-01-12 10:09:35 - [TEST_STEP][PASSED] - click(findTestObject("Object Menu/btn_Home_Menu")): Object: 'Object Repository/Object Menu/btn_Home_Menu' is clicked on

2024-01-12 10:09:36 - [MESSAGE][PASSED] - Object: 'Object Repository/Object Menu/btn_Home_Menu' is clicked on

2024-01-12 10:09:36 - [TEST_STEP][PASSED] - click(findTestObject("Object Login/dropdown_User_Profile")): Object: 'Object Repository/Object Login/dropdown_User_Profile' is clicked on

2024-01-12 10:09:36 - [MESSAGE][PASSED] - Object: 'Object Repository/Object Login/dropdown_User_Profile' is clicked on

2024-01-12 10:09:36 - [TEST_STEP][PASSED] - click(findTestObject("Object User Profile/btn_Profile_User_Profile")): Object: 'Object Repository/Object User Profile/btn_Profile_User_Profile' is clicked on

2024-01-12 10:09:37 - [MESSAGE][PASSED] - Object: 'Object Repository/Object User Profile/btn_Profile_User_Profile' is clicked on

2024-01-12 10:09:37 - [TEST_STEP][PASSED] - verifyElementPresent(findTestObject("Object User Profile/verify_Successfully_Open_User_Profile"), 0): Object 'Object Repository/Object User Profile/verify_Successfully_Open_User_Profile' is present

2024-01-12 10:09:37 - [MESSAGE][WARNING] - Timeout '0' is invalid. Using default page load timeout: '30'

2024-01-12 10:09:41 - [MESSAGE][PASSED] - Object 'Object Repository/Object User Profile/verify_Successfully_Open_User_Profile' is present

2024-01-12 10:09:41 - [TEST_STEP][PASSED] - verifyElementPresent(findTestObject("Object User Profile/verify_Successfully_Open_User_Profile - Role"), 0): Object 'Object Repository/Object User Profile/verify_Successfully_Open_User_Profile - Role' is present

2024-01-12 10:09:41 - [MESSAGE][WARNING] - Timeout '0' is invalid. Using default page load timeout: '30'

2024-01-12 10:09:42 - [MESSAGE][PASSED] - Object 'Object Repository/Object User Profile/verify_Successfully_Open_User_Profile - Role' is present

2024-01-12 10:09:42 - [TEST_STEP][PASSED] - verifyElementPresent(findTestObject("Object User Profile/verify_Successfully_Open_User_Profile - Username"), 0): Object 'Object Repository/Object User Profile/verify_Successfully_Open_User_Profile - Username' is present

2024-01-12 10:09:42 - [MESSAGE][WARNING] - Timeout '0' is invalid. Using default page load timeout: '30'

2024-01-12 10:09:42 - [MESSAGE][PASSED] - Object 'Object Repository/Object User Profile/verify_Successfully_Open_User_Profile - Username' is present

2024-01-12 10:09:42 - [TEST_STEP][PASSED] - verifyElementPresent(findTestObject("Object User Profile/verify_Successfully_Open_User_Profile - Registration Date"), 0): Object 'Object Repository/Object User Profile/verify_Successfully_Open_User_Profile - Registration Date' is present

2024-01-12 10:09:42 - [MESSAGE][WARNING] - Timeout '0' is invalid. Using default page load timeout: '30'

2024-01-12 10:09:42 - [MESSAGE][PASSED] - Object 'Object Repository/Object User Profile/verify_Successfully_Open_User_Profile - Registration Date' is present

2024-01-12 10:09:42 - [TEST_STEP][PASSED] - click(findTestObject("Object User Profile/btn_export_profile_user_profile")): Object: 'Object Repository/Object User Profile/btn_export_profile_user_profile' is clicked on

2024-01-12 10:09:43 - [MESSAGE][PASSED] - Object: 'Object Repository/Object User Profile/btn_export_profile_user_profile' is clicked on]]></system-out>
         <system-err><![CDATA[]]></system-err>
      </testcase>
      <testcase name="Test Cases/MoLeaWiz/User Profile/Positive Case/TCMUP06 - User bisa merubah foto profile pada halaman User Profile" time="10.878" classname="Test Cases/MoLeaWiz/User Profile/Positive Case/TCMUP06 - User bisa merubah foto profile pada halaman User Profile" status="PASSED">
         <system-out><![CDATA[2024-01-12 10:09:43 - [TEST_CASE][PASSED] - Test Cases/MoLeaWiz/User Profile/Positive Case/TCMUP06 - User bisa merubah foto profile pada halaman User Profile: Test Cases/MoLeaWiz/User Profile/Positive Case/TCMUP06 - User bisa merubah foto profile pada halaman User Profile

2024-01-12 10:09:44 - [TEST_STEP][PASSED] - click(findTestObject("Object Menu/btn_Home_Menu")): Object: 'Object Repository/Object Menu/btn_Home_Menu' is clicked on

2024-01-12 10:09:45 - [MESSAGE][PASSED] - Object: 'Object Repository/Object Menu/btn_Home_Menu' is clicked on

2024-01-12 10:09:45 - [TEST_STEP][PASSED] - click(findTestObject("Object Login/dropdown_User_Profile")): Object: 'Object Repository/Object Login/dropdown_User_Profile' is clicked on

2024-01-12 10:09:46 - [MESSAGE][PASSED] - Object: 'Object Repository/Object Login/dropdown_User_Profile' is clicked on

2024-01-12 10:09:46 - [TEST_STEP][PASSED] - click(findTestObject("Object User Profile/btn_Profile_User_Profile")): Object: 'Object Repository/Object User Profile/btn_Profile_User_Profile' is clicked on

2024-01-12 10:09:47 - [MESSAGE][PASSED] - Object: 'Object Repository/Object User Profile/btn_Profile_User_Profile' is clicked on

2024-01-12 10:09:47 - [TEST_STEP][PASSED] - verifyElementPresent(findTestObject("Object User Profile/verify_Successfully_Open_User_Profile"), 0): Object 'Object Repository/Object User Profile/verify_Successfully_Open_User_Profile' is present

2024-01-12 10:09:48 - [MESSAGE][WARNING] - Timeout '0' is invalid. Using default page load timeout: '30'

2024-01-12 10:09:52 - [MESSAGE][PASSED] - Object 'Object Repository/Object User Profile/verify_Successfully_Open_User_Profile' is present

2024-01-12 10:09:52 - [TEST_STEP][PASSED] - verifyElementPresent(findTestObject("Object User Profile/verify_Successfully_Open_User_Profile - Role"), 0): Object 'Object Repository/Object User Profile/verify_Successfully_Open_User_Profile - Role' is present

2024-01-12 10:09:52 - [MESSAGE][WARNING] - Timeout '0' is invalid. Using default page load timeout: '30'

2024-01-12 10:09:53 - [MESSAGE][PASSED] - Object 'Object Repository/Object User Profile/verify_Successfully_Open_User_Profile - Role' is present

2024-01-12 10:09:53 - [TEST_STEP][PASSED] - verifyElementPresent(findTestObject("Object User Profile/verify_Successfully_Open_User_Profile - Username"), 0): Object 'Object Repository/Object User Profile/verify_Successfully_Open_User_Profile - Username' is present

2024-01-12 10:09:53 - [MESSAGE][WARNING] - Timeout '0' is invalid. Using default page load timeout: '30'

2024-01-12 10:09:53 - [MESSAGE][PASSED] - Object 'Object Repository/Object User Profile/verify_Successfully_Open_User_Profile - Username' is present

2024-01-12 10:09:53 - [TEST_STEP][PASSED] - verifyElementPresent(findTestObject("Object User Profile/verify_Successfully_Open_User_Profile - Registration Date"), 0): Object 'Object Repository/Object User Profile/verify_Successfully_Open_User_Profile - Registration Date' is present

2024-01-12 10:09:53 - [MESSAGE][WARNING] - Timeout '0' is invalid. Using default page load timeout: '30'

2024-01-12 10:09:53 - [MESSAGE][PASSED] - Object 'Object Repository/Object User Profile/verify_Successfully_Open_User_Profile - Registration Date' is present

2024-01-12 10:09:53 - [TEST_STEP][PASSED] - uploadFile(findTestObject("Object User Profile/upload_photo_profile"), uploadPhoto): File 'C:\Digimasia App\photoprofile.png' sent to object: 'Object Repository/Object User Profile/upload_photo_profile'

2024-01-12 10:09:54 - [MESSAGE][PASSED] - File 'C:\Digimasia App\photoprofile.png' sent to object: 'Object Repository/Object User Profile/upload_photo_profile']]></system-out>
         <system-err><![CDATA[]]></system-err>
      </testcase>
      <system-out><![CDATA[2024-01-12 10:08:49 - [TEST_SUITE][PASSED] - Scenario Positive Case User Profile: Test Cases/MoLeaWiz/User Profile/Positive Case/TCMUP06 - User bisa merubah foto profile pada halaman User Profile]]></system-out>
      <system-err><![CDATA[]]></system-err>
   </testsuite>
</testsuites>
