<?xml version="1.0" encoding="UTF-8"?>
<testsuites name="Scenario Positive Case - Home" time="10.236" tests="3" failures="0" errors="0">
   <testsuite name="Scenario Positive Case - Home" tests="3" failures="0" errors="0" time="10.236" skipped="0" timestamp="2023-10-24 16:40:51" hostname="Hafizh Abdillah - DESKTOP-JE6N759" id="Test Suites/MoLeaWiz/Home/Positive Case/Scenario Positive Case - Home">
      <properties>
         <property name="deviceName" value=""/>
         <property name="devicePlatform" value=""/>
         <property name="logFolder" value="C:\\Users\\Hafizh Abdillah\\git\\moleawiz_web_katalon_automation\\Reports\\20231024_164049\\MoLeaWiz\\Home\\Positive Case\\Scenario Positive Case - Home\\20231024_164049"/>
         <property name="logFiles" value="C:\\Users\\Hafizh Abdillah\\git\\moleawiz_web_katalon_automation\\Reports\\20231024_164049\\MoLeaWiz\\Home\\Positive Case\\Scenario Positive Case - Home\\20231024_164049\\execution0.log"/>
         <property name="attachments" value=""/>
         <property name="hostName" value="Hafizh Abdillah - DESKTOP-JE6N759"/>
         <property name="os" value="Windows 11 64bit"/>
         <property name="katalonVersion" value="8.6.5.208"/>
         <property name="browser" value="Chrome 118.0.0.0"/>
         <property name="hostAddress" value="192.168.1.4"/>
         <property name="sessionId" value="9f8fac809db167adee1db47573989b7b"/>
         <property name="seleniumVersion" value="3.141.59"/>
         <property name="proxyInformation" value="ProxyInformation { proxyOption=NO_PROXY, proxyServerType=HTTP, username=, password=********, proxyServerAddress=, proxyServerPort=0, executionList=&quot;&quot;, isApplyToDesiredCapabilities=true }"/>
         <property name="platform" value="Windows 11"/>
      </properties>
      <testcase name="Test Cases/MoLeaWiz/Home/Positive Case/TCMH20 - User can Swipe Banner when click button Carousel in Home Page" time="3.968" classname="Test Cases/MoLeaWiz/Home/Positive Case/TCMH20 - User can Swipe Banner when click button Carousel in Home Page" status="PASSED">
         <system-out><![CDATA[2023-10-24 16:40:51 - [TEST_CASE][PASSED] - Test Cases/MoLeaWiz/Home/Positive Case/TCMH20 - User can Swipe Banner when click button Carousel in Home Page: Test Cases/MoLeaWiz/Home/Positive Case/TCMH20 - User can Swipe Banner when click button Carousel in Home Page

2023-10-24 16:40:51 - [TEST_STEP][PASSED] - click(findTestObject("Object Home/btn_Dots_Corousel_Banner_1_Home"), STOP_ON_FAILURE): Object: 'Object Repository/Object Home/btn_Dots_Corousel_Banner_1_Home' is clicked on

2023-10-24 16:40:52 - [MESSAGE][PASSED] - Object: 'Object Repository/Object Home/btn_Dots_Corousel_Banner_1_Home' is clicked on

2023-10-24 16:40:52 - [TEST_STEP][PASSED] - click(findTestObject("Object Home/btn_Dots_Corousel_Banner_2_Home")): Object: 'Object Repository/Object Home/btn_Dots_Corousel_Banner_2_Home' is clicked on

2023-10-24 16:40:53 - [MESSAGE][PASSED] - Object: 'Object Repository/Object Home/btn_Dots_Corousel_Banner_2_Home' is clicked on

2023-10-24 16:40:53 - [TEST_STEP][PASSED] - click(findTestObject("Object Home/btn_Dots_Corousel_Banner_3_Home")): Object: 'Object Repository/Object Home/btn_Dots_Corousel_Banner_3_Home' is clicked on

2023-10-24 16:40:53 - [MESSAGE][PASSED] - Object: 'Object Repository/Object Home/btn_Dots_Corousel_Banner_3_Home' is clicked on

2023-10-24 16:40:53 - [TEST_STEP][PASSED] - delay(2, STOP_ON_FAILURE): Delayed 2 second(s)

2023-10-24 16:40:55 - [MESSAGE][PASSED] - Delayed 2 second(s)]]></system-out>
         <system-err><![CDATA[]]></system-err>
      </testcase>
      <testcase name="Test Cases/MoLeaWiz/Home/Positive Case/TCMH22 - User can scroll list data Expired in Month in Home Page" time="3.036" classname="Test Cases/MoLeaWiz/Home/Positive Case/TCMH22 - User can scroll list data Expired in Month in Home Page" status="PASSED">
         <system-out><![CDATA[2023-10-24 16:40:55 - [TEST_CASE][PASSED] - Test Cases/MoLeaWiz/Home/Positive Case/TCMH22 - User can scroll list data Expired in Month in Home Page: Test Cases/MoLeaWiz/Home/Positive Case/TCMH22 - User can scroll list data Expired in Month in Home Page

2023-10-24 16:40:55 - [TEST_STEP][PASSED] - scrollToElement(findTestObject("Object Home/scroll_list_data_index_0_Expiring_In_Month_Home"), 0): Scroll to object 'Object Repository/Object Home/scroll_list_data_index_0_Expiring_In_Month_Home' successfully

2023-10-24 16:40:55 - [MESSAGE][WARNING] - Timeout '0' is invalid. Using default page load timeout: '30'

2023-10-24 16:40:56 - [MESSAGE][PASSED] - Scroll to object 'Object Repository/Object Home/scroll_list_data_index_0_Expiring_In_Month_Home' successfully

2023-10-24 16:40:56 - [TEST_STEP][PASSED] - scrollToElement(findTestObject("Object Home/scroll_list_data_index_3_Expiring_In_Month_Home"), 0): Scroll to object 'Object Repository/Object Home/scroll_list_data_index_3_Expiring_In_Month_Home' successfully

2023-10-24 16:40:56 - [MESSAGE][WARNING] - Timeout '0' is invalid. Using default page load timeout: '30'

2023-10-24 16:40:56 - [MESSAGE][PASSED] - Scroll to object 'Object Repository/Object Home/scroll_list_data_index_3_Expiring_In_Month_Home' successfully

2023-10-24 16:40:56 - [TEST_STEP][PASSED] - scrollToElement(findTestObject("Object Home/scroll_list_data_index_0_Expiring_In_Month_Home"), 0): Scroll to object 'Object Repository/Object Home/scroll_list_data_index_0_Expiring_In_Month_Home' successfully

2023-10-24 16:40:56 - [MESSAGE][WARNING] - Timeout '0' is invalid. Using default page load timeout: '30'

2023-10-24 16:40:56 - [MESSAGE][PASSED] - Scroll to object 'Object Repository/Object Home/scroll_list_data_index_0_Expiring_In_Month_Home' successfully

2023-10-24 16:40:56 - [TEST_STEP][PASSED] - delay(2, STOP_ON_FAILURE): Delayed 2 second(s)

2023-10-24 16:40:58 - [MESSAGE][PASSED] - Delayed 2 second(s)]]></system-out>
         <system-err><![CDATA[]]></system-err>
      </testcase>
      <testcase name="Test Cases/MoLeaWiz/Home/Positive Case/TCMH23 - User can scroll list data Ongoing Program in Month in Home Page" time="3.024" classname="Test Cases/MoLeaWiz/Home/Positive Case/TCMH23 - User can scroll list data Ongoing Program in Month in Home Page" status="PASSED">
         <system-out><![CDATA[2023-10-24 16:40:58 - [TEST_CASE][PASSED] - Test Cases/MoLeaWiz/Home/Positive Case/TCMH23 - User can scroll list data Ongoing Program in Month in Home Page: Test Cases/MoLeaWiz/Home/Positive Case/TCMH23 - User can scroll list data Ongoing Program in Month in Home Page

2023-10-24 16:40:58 - [TEST_STEP][PASSED] - scrollToElement(findTestObject("Object Home/scroll_list_data_index_0_Ongoing_Program_Home"), 0): Scroll to object 'Object Repository/Object Home/scroll_list_data_index_0_Ongoing_Program_Home' successfully

2023-10-24 16:40:58 - [MESSAGE][WARNING] - Timeout '0' is invalid. Using default page load timeout: '30'

2023-10-24 16:40:59 - [MESSAGE][PASSED] - Scroll to object 'Object Repository/Object Home/scroll_list_data_index_0_Ongoing_Program_Home' successfully

2023-10-24 16:40:59 - [TEST_STEP][PASSED] - scrollToElement(findTestObject("Object Home/scroll_list_data_index_3_Ongoing_Program_Home"), 0): Scroll to object 'Object Repository/Object Home/scroll_list_data_index_3_Ongoing_Program_Home' successfully

2023-10-24 16:40:59 - [MESSAGE][WARNING] - Timeout '0' is invalid. Using default page load timeout: '30'

2023-10-24 16:40:59 - [MESSAGE][PASSED] - Scroll to object 'Object Repository/Object Home/scroll_list_data_index_3_Ongoing_Program_Home' successfully

2023-10-24 16:40:59 - [TEST_STEP][PASSED] - scrollToElement(findTestObject("Object Home/scroll_list_data_index_0_Ongoing_Program_Home"), 0): Scroll to object 'Object Repository/Object Home/scroll_list_data_index_0_Ongoing_Program_Home' successfully

2023-10-24 16:40:59 - [MESSAGE][WARNING] - Timeout '0' is invalid. Using default page load timeout: '30'

2023-10-24 16:40:59 - [MESSAGE][PASSED] - Scroll to object 'Object Repository/Object Home/scroll_list_data_index_0_Ongoing_Program_Home' successfully

2023-10-24 16:40:59 - [TEST_STEP][PASSED] - delay(2, STOP_ON_FAILURE): Delayed 2 second(s)

2023-10-24 16:41:01 - [MESSAGE][PASSED] - Delayed 2 second(s)]]></system-out>
         <system-err><![CDATA[]]></system-err>
      </testcase>
      <system-out><![CDATA[2023-10-24 16:40:51 - [TEST_SUITE][PASSED] - Scenario Positive Case - Home: Test Cases/MoLeaWiz/Home/Positive Case/TCMH23 - User can scroll list data Ongoing Program in Month in Home Page]]></system-out>
      <system-err><![CDATA[]]></system-err>
   </testsuite>
</testsuites>
