<?xml version="1.0" encoding="UTF-8"?>
<testsuites name="Scenario Positive Case - Login" time="33.77" tests="2" failures="0" errors="0">
   <testsuite name="Scenario Positive Case - Login" tests="2" failures="0" errors="0" time="33.77" skipped="0" timestamp="2023-11-14 17:06:56" hostname="Hafizh Abdillah - DESKTOP-JE6N759" id="Test Suites/MoLeaWiz/Login/Positive Case/Scenario Positive Case - Login">
      <properties>
         <property name="deviceName" value=""/>
         <property name="devicePlatform" value=""/>
         <property name="logFolder" value="C:\\Users\\Hafizh Abdillah\\git\\moleawiz_web_katalon_automation\\Reports\\20231114_170654\\MoLeaWiz\\Login\\Positive Case\\Scenario Positive Case - Login\\20231114_170654"/>
         <property name="logFiles" value="C:\\Users\\Hafizh Abdillah\\git\\moleawiz_web_katalon_automation\\Reports\\20231114_170654\\MoLeaWiz\\Login\\Positive Case\\Scenario Positive Case - Login\\20231114_170654\\execution0.log"/>
         <property name="attachments" value=""/>
         <property name="hostName" value="Hafizh Abdillah - DESKTOP-JE6N759"/>
         <property name="os" value="Windows 11 64bit"/>
         <property name="katalonVersion" value="8.6.5.208"/>
         <property name="browser" value="Chrome 119.0.0.0"/>
         <property name="hostAddress" value="192.168.1.3"/>
         <property name="sessionId" value="dae349245773ad54b3b1095c2184b545"/>
         <property name="seleniumVersion" value="3.141.59"/>
         <property name="proxyInformation" value="ProxyInformation { proxyOption=NO_PROXY, proxyServerType=HTTP, username=, password=********, proxyServerAddress=, proxyServerPort=0, executionList=&quot;&quot;, isApplyToDesiredCapabilities=true }"/>
         <property name="platform" value="Windows 11"/>
      </properties>
      <testcase name="Test Cases/MoLeaWiz/Login/Positive Case/TCML01 - User Login dengan valid data dengan mengklik toggle Remember Me" time="16.001" classname="Test Cases/MoLeaWiz/Login/Positive Case/TCML01 - User Login dengan valid data dengan mengklik toggle Remember Me" status="PASSED">
         <system-out><![CDATA[2023-11-14 17:06:56 - [TEST_CASE][PASSED] - Test Cases/MoLeaWiz/Login/Positive Case/TCML01 - User Login dengan valid data dengan mengklik toggle Remember Me: Test Cases/MoLeaWiz/Login/Positive Case/TCML01 - User Login dengan valid data dengan mengklik toggle Remember Me

2023-11-14 17:06:56 - [TEST_STEP][PASSED] - openBrowser(base_url): Browser is opened with url: 'https://moleawiz-web-dev.digimasia.com'

2023-11-14 17:06:57 - [MESSAGE][INFO] - Starting 'Chrome' driver

2023-11-14 17:06:57 - [MESSAGE][INFO] - User set preference: ['args', '[--window-size=1366,768]']

2023-11-14 17:06:57 - [MESSAGE][INFO] - Action delay is set to 50 milliseconds

2023-11-14 17:06:59 - [MESSAGE][PASSED] - Browser is opened with url: 'https://moleawiz-web-dev.digimasia.com'

2023-11-14 17:06:59 - [TEST_STEP][PASSED] - setText(findTestObject("Object Login/input_Username_Login"), "testerdigima@digimasia.com"): Text 'testerdigima@digimasia.com' is set on object 'Object Repository/Object Login/input_Username_Login'

2023-11-14 17:07:00 - [MESSAGE][PASSED] - Text 'testerdigima@digimasia.com' is set on object 'Object Repository/Object Login/input_Username_Login'

2023-11-14 17:07:00 - [TEST_STEP][PASSED] - setText(findTestObject("Object Login/input_Password_Login"), "12345"): Text '12345' is set on object 'Object Repository/Object Login/input_Password_Login'

2023-11-14 17:07:01 - [MESSAGE][PASSED] - Text '12345' is set on object 'Object Repository/Object Login/input_Password_Login'

2023-11-14 17:07:01 - [TEST_STEP][PASSED] - comment("function captcha your answer"): function captcha your answer

2023-11-14 17:07:01 - [MESSAGE][INFO] - function captcha your answer

2023-11-14 17:07:01 - [TEST_STEP][PASSED] - keywordFunctionLogin.FunctionLogin.automationCaptcha(): keywordFunctionLogin.FunctionLogin.automationCaptcha is PASSED

2023-11-14 17:07:01 - [MESSAGE][PASSED] - Text of object 'Object Repository/Object Login/captcha_Num1_Login' is: '9'

2023-11-14 17:07:02 - [MESSAGE][PASSED] - Text of object 'Object Repository/Object Login/captcha_Num2_Login' is: '7'

2023-11-14 17:07:02 - [MESSAGE][PASSED] - Keys '16' sent to object: 'Object Repository/Object Login/input_Captcha_Your_Answer_Login'

2023-11-14 17:07:02 - [MESSAGE][PASSED] - keywordFunctionLogin.FunctionLogin.automationCaptcha is PASSED

2023-11-14 17:07:02 - [TEST_STEP][PASSED] - click(findTestObject("Object Login/checkbox_Remember_Me_Login")): Object: 'Object Repository/Object Login/checkbox_Remember_Me_Login' is clicked on

2023-11-14 17:07:03 - [MESSAGE][PASSED] - Object: 'Object Repository/Object Login/checkbox_Remember_Me_Login' is clicked on

2023-11-14 17:07:03 - [TEST_STEP][PASSED] - click(findTestObject("Object Login/btn_login")): Object: 'Object Repository/Object Login/btn_login' is clicked on

2023-11-14 17:07:03 - [MESSAGE][PASSED] - Object: 'Object Repository/Object Login/btn_login' is clicked on

2023-11-14 17:07:03 - [TEST_STEP][PASSED] - delay(3): Delayed 3 second(s)

2023-11-14 17:07:06 - [MESSAGE][PASSED] - Delayed 3 second(s)

2023-11-14 17:07:06 - [TEST_STEP][PASSED] - click(findTestObject("Object Login/dropdown_User_Profile")): Object: 'Object Repository/Object Login/dropdown_User_Profile' is clicked on

2023-11-14 17:07:07 - [MESSAGE][PASSED] - Object: 'Object Repository/Object Login/dropdown_User_Profile' is clicked on

2023-11-14 17:07:07 - [TEST_STEP][PASSED] - click(findTestObject("Object Home/btn_logout_User_Profile")): Object: 'Object Repository/Object Home/btn_logout_User_Profile' is clicked on

2023-11-14 17:07:08 - [MESSAGE][PASSED] - Object: 'Object Repository/Object Home/btn_logout_User_Profile' is clicked on

2023-11-14 17:07:08 - [TEST_STEP][PASSED] - click(findTestObject("Object Home/btn_Yes_Logout_Home")): Object: 'Object Repository/Object Home/btn_Yes_Logout_Home' is clicked on

2023-11-14 17:07:08 - [MESSAGE][PASSED] - Object: 'Object Repository/Object Home/btn_Yes_Logout_Home' is clicked on

2023-11-14 17:07:08 - [TEST_STEP][PASSED] - delay(3): Delayed 3 second(s)

2023-11-14 17:07:11 - [MESSAGE][PASSED] - Delayed 3 second(s)

2023-11-14 17:07:11 - [TEST_STEP][PASSED] - closeBrowser(): Browser is closed

2023-11-14 17:07:12 - [MESSAGE][PASSED] - Browser is closed]]></system-out>
         <system-err><![CDATA[]]></system-err>
      </testcase>
      <testcase name="Test Cases/MoLeaWiz/Login/Positive Case/TCML02 - User Login dengan valid data dengan tidak mengklik toggle Remember Me" time="17.547" classname="Test Cases/MoLeaWiz/Login/Positive Case/TCML02 - User Login dengan valid data dengan tidak mengklik toggle Remember Me" status="PASSED">
         <system-out><![CDATA[2023-11-14 17:07:12 - [TEST_CASE][PASSED] - Test Cases/MoLeaWiz/Login/Positive Case/TCML02 - User Login dengan valid data dengan tidak mengklik toggle Remember Me: Test Cases/MoLeaWiz/Login/Positive Case/TCML02 - User Login dengan valid data dengan tidak mengklik toggle Remember Me

2023-11-14 17:07:12 - [TEST_STEP][PASSED] - openBrowser(base_url): Browser is opened with url: 'https://moleawiz-web-dev.digimasia.com'

2023-11-14 17:07:12 - [MESSAGE][INFO] - Starting 'Chrome' driver

2023-11-14 17:07:12 - [MESSAGE][INFO] - User set preference: ['args', '[--window-size=1366,768]']

2023-11-14 17:07:12 - [MESSAGE][INFO] - Action delay is set to 50 milliseconds

2023-11-14 17:07:14 - [MESSAGE][PASSED] - Browser is opened with url: 'https://moleawiz-web-dev.digimasia.com'

2023-11-14 17:07:14 - [TEST_STEP][PASSED] - setText(findTestObject("Object Login/input_Username_Login"), "testerdigima@digimasia.com"): Text 'testerdigima@digimasia.com' is set on object 'Object Repository/Object Login/input_Username_Login'

2023-11-14 17:07:15 - [MESSAGE][PASSED] - Text 'testerdigima@digimasia.com' is set on object 'Object Repository/Object Login/input_Username_Login'

2023-11-14 17:07:15 - [TEST_STEP][PASSED] - setText(findTestObject("Object Login/input_Password_Login"), "12345"): Text '12345' is set on object 'Object Repository/Object Login/input_Password_Login'

2023-11-14 17:07:16 - [MESSAGE][PASSED] - Text '12345' is set on object 'Object Repository/Object Login/input_Password_Login'

2023-11-14 17:07:16 - [TEST_STEP][PASSED] - comment("function captcha your answer"): function captcha your answer

2023-11-14 17:07:16 - [MESSAGE][INFO] - function captcha your answer

2023-11-14 17:07:16 - [TEST_STEP][PASSED] - keywordFunctionLogin.FunctionLogin.automationCaptcha(): keywordFunctionLogin.FunctionLogin.automationCaptcha is PASSED

2023-11-14 17:07:16 - [MESSAGE][PASSED] - Text of object 'Object Repository/Object Login/captcha_Num1_Login' is: '15'

2023-11-14 17:07:17 - [MESSAGE][PASSED] - Text of object 'Object Repository/Object Login/captcha_Num2_Login' is: '5'

2023-11-14 17:07:17 - [MESSAGE][PASSED] - Keys '20' sent to object: 'Object Repository/Object Login/input_Captcha_Your_Answer_Login'

2023-11-14 17:07:17 - [MESSAGE][PASSED] - keywordFunctionLogin.FunctionLogin.automationCaptcha is PASSED

2023-11-14 17:07:17 - [TEST_STEP][PASSED] - click(findTestObject("Object Login/btn_login")): Object: 'Object Repository/Object Login/btn_login' is clicked on

2023-11-14 17:07:18 - [MESSAGE][PASSED] - Object: 'Object Repository/Object Login/btn_login' is clicked on

2023-11-14 17:07:18 - [TEST_STEP][PASSED] - verifyElementVisible(findTestObject("Object Login/verify_Successfully_Login")): Object 'Object Repository/Object Login/verify_Successfully_Login' is visible

2023-11-14 17:07:21 - [MESSAGE][PASSED] - Object 'Object Repository/Object Login/verify_Successfully_Login' is visible

2023-11-14 17:07:21 - [TEST_STEP][PASSED] - delay(3): Delayed 3 second(s)

2023-11-14 17:07:24 - [MESSAGE][PASSED] - Delayed 3 second(s)

2023-11-14 17:07:24 - [TEST_STEP][PASSED] - click(findTestObject("Object Login/dropdown_User_Profile")): Object: 'Object Repository/Object Login/dropdown_User_Profile' is clicked on

2023-11-14 17:07:25 - [MESSAGE][PASSED] - Object: 'Object Repository/Object Login/dropdown_User_Profile' is clicked on

2023-11-14 17:07:25 - [TEST_STEP][PASSED] - click(findTestObject("Object Home/btn_logout_User_Profile")): Object: 'Object Repository/Object Home/btn_logout_User_Profile' is clicked on

2023-11-14 17:07:25 - [MESSAGE][PASSED] - Object: 'Object Repository/Object Home/btn_logout_User_Profile' is clicked on

2023-11-14 17:07:25 - [TEST_STEP][PASSED] - click(findTestObject("Object Home/btn_Yes_Logout_Home")): Object: 'Object Repository/Object Home/btn_Yes_Logout_Home' is clicked on

2023-11-14 17:07:26 - [MESSAGE][PASSED] - Object: 'Object Repository/Object Home/btn_Yes_Logout_Home' is clicked on

2023-11-14 17:07:26 - [TEST_STEP][PASSED] - delay(3): Delayed 3 second(s)

2023-11-14 17:07:29 - [MESSAGE][PASSED] - Delayed 3 second(s)

2023-11-14 17:07:29 - [TEST_STEP][PASSED] - closeBrowser(): Browser is closed

2023-11-14 17:07:30 - [MESSAGE][PASSED] - Browser is closed]]></system-out>
         <system-err><![CDATA[]]></system-err>
      </testcase>
      <system-out><![CDATA[2023-11-14 17:06:56 - [TEST_SUITE][PASSED] - Scenario Positive Case - Login: Test Cases/MoLeaWiz/Login/Positive Case/TCML02 - User Login dengan valid data dengan tidak mengklik toggle Remember Me]]></system-out>
      <system-err><![CDATA[]]></system-err>
   </testsuite>
</testsuites>
