<?xml version="1.0" encoding="UTF-8"?>
<testsuites name="Scenario Positive Case - Home" time="39.541" tests="19" failures="0" errors="0">
   <testsuite name="Scenario Positive Case - Home" tests="19" failures="0" errors="0" time="39.541" skipped="0" timestamp="2023-10-17 21:13:26" hostname="Hafizh Abdillah - DESKTOP-JE6N759" id="Test Suites/MoLeaWiz/Home/Positive Case/Scenario Positive Case - Home">
      <properties>
         <property name="deviceName" value=""/>
         <property name="devicePlatform" value=""/>
         <property name="logFolder" value="C:\\Users\\Hafizh Abdillah\\git\\moleawiz_web_katalon_automation\\Reports\\20231017_211323\\MoLeaWiz\\Home\\Positive Case\\Scenario Positive Case - Home\\20231017_211324"/>
         <property name="logFiles" value="C:\\Users\\Hafizh Abdillah\\git\\moleawiz_web_katalon_automation\\Reports\\20231017_211323\\MoLeaWiz\\Home\\Positive Case\\Scenario Positive Case - Home\\20231017_211324\\execution0.log"/>
         <property name="attachments" value=""/>
         <property name="hostName" value="Hafizh Abdillah - DESKTOP-JE6N759"/>
         <property name="os" value="Windows 11 64bit"/>
         <property name="katalonVersion" value="8.6.5.208"/>
         <property name="browser" value="Chrome 118.0.0.0"/>
         <property name="hostAddress" value="192.168.1.4"/>
         <property name="sessionId" value="f77a778107907c99b38a25eab0b57d28"/>
         <property name="seleniumVersion" value="3.141.59"/>
         <property name="proxyInformation" value="ProxyInformation { proxyOption=NO_PROXY, proxyServerType=HTTP, username=, password=********, proxyServerAddress=, proxyServerPort=0, executionList=&quot;&quot;, isApplyToDesiredCapabilities=true }"/>
         <property name="platform" value="Windows 11"/>
      </properties>
      <testcase name="Test Cases/MoLeaWiz/Home/Positive Case/TCMH01 - User Open My Learning Journey" time="2.179" classname="Test Cases/MoLeaWiz/Home/Positive Case/TCMH01 - User Open My Learning Journey" status="PASSED">
         <system-out><![CDATA[2023-10-17 21:13:26 - [TEST_CASE][PASSED] - Test Cases/MoLeaWiz/Home/Positive Case/TCMH01 - User Open My Learning Journey: Test Cases/MoLeaWiz/Home/Positive Case/TCMH01 - User Open My Learning Journey

2023-10-17 21:13:27 - [TEST_STEP][PASSED] - click(findTestObject("Object Menu/btn_My_Learning_Journey_Menu")): Object: 'Object Repository/Object Menu/btn_My_Learning_Journey_Menu' is clicked on

2023-10-17 21:13:28 - [MESSAGE][PASSED] - Object: 'Object Repository/Object Menu/btn_My_Learning_Journey_Menu' is clicked on

2023-10-17 21:13:28 - [TEST_STEP][PASSED] - verifyElementPresent(findTestObject("Object Menu/verify_Successfully_Open_My_Learning_Journey"), 0): Object 'Object Repository/Object Menu/verify_Successfully_Open_My_Learning_Journey' is present

2023-10-17 21:13:28 - [MESSAGE][WARNING] - Timeout '0' is invalid. Using default page load timeout: '30'

2023-10-17 21:13:28 - [MESSAGE][PASSED] - Object 'Object Repository/Object Menu/verify_Successfully_Open_My_Learning_Journey' is present]]></system-out>
         <system-err><![CDATA[]]></system-err>
      </testcase>
      <testcase name="Test Cases/MoLeaWiz/Home/Positive Case/TCMH02 - User Open Achievements" time="1.272" classname="Test Cases/MoLeaWiz/Home/Positive Case/TCMH02 - User Open Achievements" status="PASSED">
         <system-out><![CDATA[2023-10-17 21:13:28 - [TEST_CASE][PASSED] - Test Cases/MoLeaWiz/Home/Positive Case/TCMH02 - User Open Achievements: Test Cases/MoLeaWiz/Home/Positive Case/TCMH02 - User Open Achievements

2023-10-17 21:13:29 - [TEST_STEP][PASSED] - click(findTestObject("Object Menu/btn_Achievements_Menu")): Object: 'Object Repository/Object Menu/btn_Achievements_Menu' is clicked on

2023-10-17 21:13:29 - [MESSAGE][PASSED] - Object: 'Object Repository/Object Menu/btn_Achievements_Menu' is clicked on

2023-10-17 21:13:29 - [TEST_STEP][PASSED] - verifyElementPresent(findTestObject("Object Menu/verify_Successfully_Open_Achievements_Menu"), 0): Object 'Object Repository/Object Menu/verify_Successfully_Open_Achievements_Menu' is present

2023-10-17 21:13:29 - [MESSAGE][WARNING] - Timeout '0' is invalid. Using default page load timeout: '30'

2023-10-17 21:13:30 - [MESSAGE][PASSED] - Object 'Object Repository/Object Menu/verify_Successfully_Open_Achievements_Menu' is present]]></system-out>
         <system-err><![CDATA[]]></system-err>
      </testcase>
      <testcase name="Test Cases/MoLeaWiz/Home/Positive Case/TCMH03 - User Open Rewards" time="1.251" classname="Test Cases/MoLeaWiz/Home/Positive Case/TCMH03 - User Open Rewards" status="PASSED">
         <system-out><![CDATA[2023-10-17 21:13:30 - [TEST_CASE][PASSED] - Test Cases/MoLeaWiz/Home/Positive Case/TCMH03 - User Open Rewards: Test Cases/MoLeaWiz/Home/Positive Case/TCMH03 - User Open Rewards

2023-10-17 21:13:30 - [TEST_STEP][PASSED] - click(findTestObject("Object Menu/btn_Rewards_Menu")): Object: 'Object Repository/Object Menu/btn_Rewards_Menu' is clicked on

2023-10-17 21:13:30 - [MESSAGE][PASSED] - Object: 'Object Repository/Object Menu/btn_Rewards_Menu' is clicked on

2023-10-17 21:13:30 - [TEST_STEP][PASSED] - verifyElementPresent(findTestObject("Object Menu/verify_Successfully_Open_Rewards_Menu"), 0): Object 'Object Repository/Object Menu/verify_Successfully_Open_Rewards_Menu' is present

2023-10-17 21:13:30 - [MESSAGE][WARNING] - Timeout '0' is invalid. Using default page load timeout: '30'

2023-10-17 21:13:31 - [MESSAGE][PASSED] - Object 'Object Repository/Object Menu/verify_Successfully_Open_Rewards_Menu' is present]]></system-out>
         <system-err><![CDATA[]]></system-err>
      </testcase>
      <testcase name="Test Cases/MoLeaWiz/Home/Positive Case/TCMH04 - User Open Leaderboards" time="1.257" classname="Test Cases/MoLeaWiz/Home/Positive Case/TCMH04 - User Open Leaderboards" status="PASSED">
         <system-out><![CDATA[2023-10-17 21:13:31 - [TEST_CASE][PASSED] - Test Cases/MoLeaWiz/Home/Positive Case/TCMH04 - User Open Leaderboards: Test Cases/MoLeaWiz/Home/Positive Case/TCMH04 - User Open Leaderboards

2023-10-17 21:13:31 - [TEST_STEP][PASSED] - click(findTestObject("Object Menu/btn_Leaderboards_Menu")): Object: 'Object Repository/Object Menu/btn_Leaderboards_Menu' is clicked on

2023-10-17 21:13:31 - [MESSAGE][PASSED] - Object: 'Object Repository/Object Menu/btn_Leaderboards_Menu' is clicked on

2023-10-17 21:13:31 - [TEST_STEP][PASSED] - verifyElementPresent(findTestObject("Object Menu/verify_Successfully_Open_Leaderboards_Menu"), 0): Object 'Object Repository/Object Menu/verify_Successfully_Open_Leaderboards_Menu' is present

2023-10-17 21:13:32 - [MESSAGE][WARNING] - Timeout '0' is invalid. Using default page load timeout: '30'

2023-10-17 21:13:32 - [MESSAGE][PASSED] - Object 'Object Repository/Object Menu/verify_Successfully_Open_Leaderboards_Menu' is present]]></system-out>
         <system-err><![CDATA[]]></system-err>
      </testcase>
      <testcase name="Test Cases/MoLeaWiz/Home/Positive Case/TCMH05 - User Open Team Monitoring" time="1.251" classname="Test Cases/MoLeaWiz/Home/Positive Case/TCMH05 - User Open Team Monitoring" status="PASSED">
         <system-out><![CDATA[2023-10-17 21:13:32 - [TEST_CASE][PASSED] - Test Cases/MoLeaWiz/Home/Positive Case/TCMH05 - User Open Team Monitoring: Test Cases/MoLeaWiz/Home/Positive Case/TCMH05 - User Open Team Monitoring

2023-10-17 21:13:32 - [TEST_STEP][PASSED] - click(findTestObject("Object Menu/btn_Team_Monitoring_Menu")): Object: 'Object Repository/Object Menu/btn_Team_Monitoring_Menu' is clicked on

2023-10-17 21:13:33 - [MESSAGE][PASSED] - Object: 'Object Repository/Object Menu/btn_Team_Monitoring_Menu' is clicked on

2023-10-17 21:13:33 - [TEST_STEP][PASSED] - verifyElementPresent(findTestObject("Object Menu/verify_Successfully_Open_Team_Monitoring_Menu"), 0): Object 'Object Repository/Object Menu/verify_Successfully_Open_Team_Monitoring_Menu' is present

2023-10-17 21:13:33 - [MESSAGE][WARNING] - Timeout '0' is invalid. Using default page load timeout: '30'

2023-10-17 21:13:33 - [MESSAGE][PASSED] - Object 'Object Repository/Object Menu/verify_Successfully_Open_Team_Monitoring_Menu' is present]]></system-out>
         <system-err><![CDATA[]]></system-err>
      </testcase>
      <testcase name="Test Cases/MoLeaWiz/Home/Positive Case/TCMH06 - User Open Reviews" time="1.319" classname="Test Cases/MoLeaWiz/Home/Positive Case/TCMH06 - User Open Reviews" status="PASSED">
         <system-out><![CDATA[2023-10-17 21:13:33 - [TEST_CASE][PASSED] - Test Cases/MoLeaWiz/Home/Positive Case/TCMH06 - User Open Reviews: Test Cases/MoLeaWiz/Home/Positive Case/TCMH06 - User Open Reviews

2023-10-17 21:13:34 - [TEST_STEP][PASSED] - click(findTestObject("Object Menu/btn_Reviews_Menu")): Object: 'Object Repository/Object Menu/btn_Reviews_Menu' is clicked on

2023-10-17 21:13:34 - [MESSAGE][PASSED] - Object: 'Object Repository/Object Menu/btn_Reviews_Menu' is clicked on

2023-10-17 21:13:34 - [TEST_STEP][PASSED] - verifyElementPresent(findTestObject("Object Menu/verify_Successfully_Open_Review_Menu"), 0): Object 'Object Repository/Object Menu/verify_Successfully_Open_Review_Menu' is present

2023-10-17 21:13:34 - [MESSAGE][WARNING] - Timeout '0' is invalid. Using default page load timeout: '30'

2023-10-17 21:13:35 - [MESSAGE][PASSED] - Object 'Object Repository/Object Menu/verify_Successfully_Open_Review_Menu' is present]]></system-out>
         <system-err><![CDATA[]]></system-err>
      </testcase>
      <testcase name="Test Cases/MoLeaWiz/Home/Positive Case/TCMH07 - User Open Help" time="1.282" classname="Test Cases/MoLeaWiz/Home/Positive Case/TCMH07 - User Open Help" status="PASSED">
         <system-out><![CDATA[2023-10-17 21:13:35 - [TEST_CASE][PASSED] - Test Cases/MoLeaWiz/Home/Positive Case/TCMH07 - User Open Help: Test Cases/MoLeaWiz/Home/Positive Case/TCMH07 - User Open Help

2023-10-17 21:13:35 - [TEST_STEP][PASSED] - click(findTestObject("Object Menu/btn_Help_Menu")): Object: 'Object Repository/Object Menu/btn_Help_Menu' is clicked on

2023-10-17 21:13:35 - [MESSAGE][PASSED] - Object: 'Object Repository/Object Menu/btn_Help_Menu' is clicked on

2023-10-17 21:13:35 - [TEST_STEP][PASSED] - verifyElementPresent(findTestObject("Object Menu/verify_Successfully_Open_Review_Menu"), 0): Object 'Object Repository/Object Menu/verify_Successfully_Open_Review_Menu' is present

2023-10-17 21:13:35 - [MESSAGE][WARNING] - Timeout '0' is invalid. Using default page load timeout: '30'

2023-10-17 21:13:36 - [MESSAGE][PASSED] - Object 'Object Repository/Object Menu/verify_Successfully_Open_Review_Menu' is present]]></system-out>
         <system-err><![CDATA[]]></system-err>
      </testcase>
      <testcase name="Test Cases/MoLeaWiz/Home/Positive Case/TCMH08 - User Open Home" time="1.889" classname="Test Cases/MoLeaWiz/Home/Positive Case/TCMH08 - User Open Home" status="PASSED">
         <system-out><![CDATA[2023-10-17 21:13:36 - [TEST_CASE][PASSED] - Test Cases/MoLeaWiz/Home/Positive Case/TCMH08 - User Open Home: Test Cases/MoLeaWiz/Home/Positive Case/TCMH08 - User Open Home

2023-10-17 21:13:36 - [TEST_STEP][PASSED] - click(findTestObject("Object Menu/btn_Home_Menu")): Object: 'Object Repository/Object Menu/btn_Home_Menu' is clicked on

2023-10-17 21:13:37 - [MESSAGE][PASSED] - Object: 'Object Repository/Object Menu/btn_Home_Menu' is clicked on

2023-10-17 21:13:37 - [TEST_STEP][PASSED] - verifyElementPresent(findTestObject("Object Login/verify_Successfully_Login"), 0): Object 'Object Repository/Object Login/verify_Successfully_Login' is present

2023-10-17 21:13:37 - [MESSAGE][WARNING] - Timeout '0' is invalid. Using default page load timeout: '30'

2023-10-17 21:13:38 - [MESSAGE][PASSED] - Object 'Object Repository/Object Login/verify_Successfully_Login' is present]]></system-out>
         <system-err><![CDATA[]]></system-err>
      </testcase>
      <testcase name="Test Cases/MoLeaWiz/Home/Positive Case/TCMH09 - User can Swipe Next and Previous Banner in Home Page" time="6.732" classname="Test Cases/MoLeaWiz/Home/Positive Case/TCMH09 - User can Swipe Next and Previous Banner in Home Page" status="PASSED">
         <system-out><![CDATA[2023-10-17 21:13:38 - [TEST_CASE][PASSED] - Test Cases/MoLeaWiz/Home/Positive Case/TCMH09 - User can Swipe Next and Previous Banner in Home Page: Test Cases/MoLeaWiz/Home/Positive Case/TCMH09 - User can Swipe Next and Previous Banner in Home Page

2023-10-17 21:13:38 - [TEST_STEP][PASSED] - openBrowser(base_url): Browser is opened with url: 'https://moleawiz-web-dev.digimasia.com'

2023-10-17 21:13:39 - [MESSAGE][PASSED] - Browser is opened with url: 'https://moleawiz-web-dev.digimasia.com'

2023-10-17 21:13:39 - [TEST_STEP][PASSED] - click(findTestObject("Object Home/btn_swiper_Next_Banner_Home")): Object: 'Object Repository/Object Home/btn_swiper_Next_Banner_Home' is clicked on

2023-10-17 21:13:40 - [MESSAGE][PASSED] - Object: 'Object Repository/Object Home/btn_swiper_Next_Banner_Home' is clicked on

2023-10-17 21:13:40 - [TEST_STEP][PASSED] - delay(2): Delayed 2 second(s)

2023-10-17 21:13:42 - [MESSAGE][PASSED] - Delayed 2 second(s)

2023-10-17 21:13:42 - [TEST_STEP][PASSED] - click(findTestObject("Object Home/btn_swiper_Prev_Banner_Home")): Object: 'Object Repository/Object Home/btn_swiper_Prev_Banner_Home' is clicked on

2023-10-17 21:13:43 - [MESSAGE][PASSED] - Object: 'Object Repository/Object Home/btn_swiper_Prev_Banner_Home' is clicked on

2023-10-17 21:13:43 - [TEST_STEP][PASSED] - delay(2): Delayed 2 second(s)

2023-10-17 21:13:45 - [MESSAGE][PASSED] - Delayed 2 second(s)]]></system-out>
         <system-err><![CDATA[]]></system-err>
      </testcase>
      <testcase name="Test Cases/MoLeaWiz/Home/Positive Case/TCMH10 - User can Swipe Next and Previous New Program in Home Page" time="3.273" classname="Test Cases/MoLeaWiz/Home/Positive Case/TCMH10 - User can Swipe Next and Previous New Program in Home Page" status="PASSED">
         <system-out><![CDATA[2023-10-17 21:13:45 - [TEST_CASE][PASSED] - Test Cases/MoLeaWiz/Home/Positive Case/TCMH10 - User can Swipe Next and Previous New Program in Home Page: Test Cases/MoLeaWiz/Home/Positive Case/TCMH10 - User can Swipe Next and Previous New Program in Home Page

2023-10-17 21:13:45 - [TEST_STEP][PASSED] - openBrowser(base_url): Browser is opened with url: 'https://moleawiz-web-dev.digimasia.com'

2023-10-17 21:13:45 - [MESSAGE][PASSED] - Browser is opened with url: 'https://moleawiz-web-dev.digimasia.com'

2023-10-17 21:13:45 - [TEST_STEP][PASSED] - scrollToElement(findTestObject("Object Home/btn_swiper_Next_Ongoing_Course_Home"), 0): Scroll to object 'Object Repository/Object Home/btn_swiper_Next_Ongoing_Course_Home' successfully

2023-10-17 21:13:45 - [MESSAGE][WARNING] - Timeout '0' is invalid. Using default page load timeout: '30'

2023-10-17 21:13:47 - [MESSAGE][PASSED] - Scroll to object 'Object Repository/Object Home/btn_swiper_Next_Ongoing_Course_Home' successfully

2023-10-17 21:13:47 - [TEST_STEP][PASSED] - click(findTestObject("Object Home/btn_swiper_Next_Ongoing_Course_Home")): Object: 'Object Repository/Object Home/btn_swiper_Next_Ongoing_Course_Home' is clicked on

2023-10-17 21:13:47 - [MESSAGE][PASSED] - Object: 'Object Repository/Object Home/btn_swiper_Next_Ongoing_Course_Home' is clicked on

2023-10-17 21:13:47 - [TEST_STEP][PASSED] - click(findTestObject("Object Home/btn_swiper_Next_Ongoing_Course_Home")): Object: 'Object Repository/Object Home/btn_swiper_Next_Ongoing_Course_Home' is clicked on

2023-10-17 21:13:47 - [MESSAGE][PASSED] - Object: 'Object Repository/Object Home/btn_swiper_Next_Ongoing_Course_Home' is clicked on

2023-10-17 21:13:47 - [TEST_STEP][PASSED] - click(findTestObject("Object Home/btn_swiper_Prev_Ongoing_Course_Home")): Object: 'Object Repository/Object Home/btn_swiper_Prev_Ongoing_Course_Home' is clicked on

2023-10-17 21:13:48 - [MESSAGE][PASSED] - Object: 'Object Repository/Object Home/btn_swiper_Prev_Ongoing_Course_Home' is clicked on

2023-10-17 21:13:48 - [TEST_STEP][PASSED] - click(findTestObject("Object Home/btn_swiper_Prev_Ongoing_Course_Home")): Object: 'Object Repository/Object Home/btn_swiper_Prev_Ongoing_Course_Home' is clicked on

2023-10-17 21:13:48 - [MESSAGE][PASSED] - Object: 'Object Repository/Object Home/btn_swiper_Prev_Ongoing_Course_Home' is clicked on]]></system-out>
         <system-err><![CDATA[]]></system-err>
      </testcase>
      <testcase name="Test Cases/MoLeaWiz/Home/Positive Case/TCMH11 - User can Swipe Next and Previous Ongoing Course in Home Page" time="3.534" classname="Test Cases/MoLeaWiz/Home/Positive Case/TCMH11 - User can Swipe Next and Previous Ongoing Course in Home Page" status="PASSED">
         <system-out><![CDATA[2023-10-17 21:13:48 - [TEST_CASE][PASSED] - Test Cases/MoLeaWiz/Home/Positive Case/TCMH11 - User can Swipe Next and Previous Ongoing Course in Home Page: Test Cases/MoLeaWiz/Home/Positive Case/TCMH11 - User can Swipe Next and Previous Ongoing Course in Home Page

2023-10-17 21:13:48 - [TEST_STEP][PASSED] - openBrowser(base_url): Browser is opened with url: 'https://moleawiz-web-dev.digimasia.com'

2023-10-17 21:13:49 - [MESSAGE][PASSED] - Browser is opened with url: 'https://moleawiz-web-dev.digimasia.com'

2023-10-17 21:13:49 - [TEST_STEP][PASSED] - scrollToElement(findTestObject("Object Home/btn_swiper_Next_New_Program_Home"), 0): Scroll to object 'Object Repository/Object Home/btn_swiper_Next_New_Program_Home' successfully

2023-10-17 21:13:49 - [MESSAGE][WARNING] - Timeout '0' is invalid. Using default page load timeout: '30'

2023-10-17 21:13:50 - [MESSAGE][PASSED] - Scroll to object 'Object Repository/Object Home/btn_swiper_Next_New_Program_Home' successfully

2023-10-17 21:13:50 - [TEST_STEP][PASSED] - click(findTestObject("Object Home/btn_swiper_Next_New_Program_Home")): Object: 'Object Repository/Object Home/btn_swiper_Next_New_Program_Home' is clicked on

2023-10-17 21:13:50 - [MESSAGE][PASSED] - Object: 'Object Repository/Object Home/btn_swiper_Next_New_Program_Home' is clicked on

2023-10-17 21:13:50 - [TEST_STEP][PASSED] - click(findTestObject("Object Home/btn_swiper_Next_New_Program_Home")): Object: 'Object Repository/Object Home/btn_swiper_Next_New_Program_Home' is clicked on

2023-10-17 21:13:51 - [MESSAGE][PASSED] - Object: 'Object Repository/Object Home/btn_swiper_Next_New_Program_Home' is clicked on

2023-10-17 21:13:51 - [TEST_STEP][PASSED] - click(findTestObject("Object Home/btn_swiper_Prev_New_Program_Home")): Object: 'Object Repository/Object Home/btn_swiper_Prev_New_Program_Home' is clicked on

2023-10-17 21:13:51 - [MESSAGE][PASSED] - Object: 'Object Repository/Object Home/btn_swiper_Prev_New_Program_Home' is clicked on

2023-10-17 21:13:51 - [TEST_STEP][PASSED] - click(findTestObject("Object Home/btn_swiper_Prev_New_Program_Home")): Object: 'Object Repository/Object Home/btn_swiper_Prev_New_Program_Home' is clicked on

2023-10-17 21:13:52 - [MESSAGE][PASSED] - Object: 'Object Repository/Object Home/btn_swiper_Prev_New_Program_Home' is clicked on]]></system-out>
         <system-err><![CDATA[]]></system-err>
      </testcase>
      <testcase name="Test Cases/MoLeaWiz/Home/Positive Case/TCMH12 - User can Open My Learning Journey while Collapse Expand" time="1.58" classname="Test Cases/MoLeaWiz/Home/Positive Case/TCMH12 - User can Open My Learning Journey while Collapse Expand" status="PASSED">
         <system-out><![CDATA[2023-10-17 21:13:52 - [TEST_CASE][PASSED] - Test Cases/MoLeaWiz/Home/Positive Case/TCMH12 - User can Open My Learning Journey while Collapse Expand: Test Cases/MoLeaWiz/Home/Positive Case/TCMH12 - User can Open My Learning Journey while Collapse Expand

2023-10-17 21:13:52 - [TEST_STEP][PASSED] - click(findTestObject("Object Menu/btn_Collapse_Menu")): Object: 'Object Repository/Object Menu/btn_Collapse_Menu' is clicked on

2023-10-17 21:13:52 - [MESSAGE][PASSED] - Object: 'Object Repository/Object Menu/btn_Collapse_Menu' is clicked on

2023-10-17 21:13:52 - [TEST_STEP][PASSED] - click(findTestObject("Object Menu/btn_My_Learning_Journey_Menu")): Object: 'Object Repository/Object Menu/btn_My_Learning_Journey_Menu' is clicked on

2023-10-17 21:13:53 - [MESSAGE][PASSED] - Object: 'Object Repository/Object Menu/btn_My_Learning_Journey_Menu' is clicked on

2023-10-17 21:13:53 - [TEST_STEP][PASSED] - verifyElementPresent(findTestObject("Object Menu/verify_Successfully_Open_My_Learning_Journey"), 0): Object 'Object Repository/Object Menu/verify_Successfully_Open_My_Learning_Journey' is present

2023-10-17 21:13:53 - [MESSAGE][WARNING] - Timeout '0' is invalid. Using default page load timeout: '30'

2023-10-17 21:13:53 - [MESSAGE][PASSED] - Object 'Object Repository/Object Menu/verify_Successfully_Open_My_Learning_Journey' is present]]></system-out>
         <system-err><![CDATA[]]></system-err>
      </testcase>
      <testcase name="Test Cases/MoLeaWiz/Home/Positive Case/TCMH13 - User can Open Achievements while Collapse Expand" time="1.762" classname="Test Cases/MoLeaWiz/Home/Positive Case/TCMH13 - User can Open Achievements while Collapse Expand" status="PASSED">
         <system-out><![CDATA[2023-10-17 21:13:53 - [TEST_CASE][PASSED] - Test Cases/MoLeaWiz/Home/Positive Case/TCMH13 - User can Open Achievements while Collapse Expand: Test Cases/MoLeaWiz/Home/Positive Case/TCMH13 - User can Open Achievements while Collapse Expand

2023-10-17 21:13:53 - [TEST_STEP][PASSED] - click(findTestObject("Object Menu/btn_Collapse_Menu")): Object: 'Object Repository/Object Menu/btn_Collapse_Menu' is clicked on

2023-10-17 21:13:54 - [MESSAGE][PASSED] - Object: 'Object Repository/Object Menu/btn_Collapse_Menu' is clicked on

2023-10-17 21:13:54 - [TEST_STEP][PASSED] - click(findTestObject("Object Menu/btn_Achievements_Menu")): Object: 'Object Repository/Object Menu/btn_Achievements_Menu' is clicked on

2023-10-17 21:13:54 - [MESSAGE][PASSED] - Object: 'Object Repository/Object Menu/btn_Achievements_Menu' is clicked on

2023-10-17 21:13:54 - [TEST_STEP][PASSED] - verifyElementPresent(findTestObject("Object Menu/verify_Successfully_Open_Achievements_Menu"), 0): Object 'Object Repository/Object Menu/verify_Successfully_Open_Achievements_Menu' is present

2023-10-17 21:13:54 - [MESSAGE][WARNING] - Timeout '0' is invalid. Using default page load timeout: '30'

2023-10-17 21:13:55 - [MESSAGE][PASSED] - Object 'Object Repository/Object Menu/verify_Successfully_Open_Achievements_Menu' is present]]></system-out>
         <system-err><![CDATA[]]></system-err>
      </testcase>
      <testcase name="Test Cases/MoLeaWiz/Home/Positive Case/TCMH14 - User can Open Rewards while Collapse Expand" time="1.519" classname="Test Cases/MoLeaWiz/Home/Positive Case/TCMH14 - User can Open Rewards while Collapse Expand" status="PASSED">
         <system-out><![CDATA[2023-10-17 21:13:55 - [TEST_CASE][PASSED] - Test Cases/MoLeaWiz/Home/Positive Case/TCMH14 - User can Open Rewards while Collapse Expand: Test Cases/MoLeaWiz/Home/Positive Case/TCMH14 - User can Open Rewards while Collapse Expand

2023-10-17 21:13:55 - [TEST_STEP][PASSED] - click(findTestObject("Object Menu/btn_Collapse_Menu")): Object: 'Object Repository/Object Menu/btn_Collapse_Menu' is clicked on

2023-10-17 21:13:55 - [MESSAGE][PASSED] - Object: 'Object Repository/Object Menu/btn_Collapse_Menu' is clicked on

2023-10-17 21:13:55 - [TEST_STEP][PASSED] - click(findTestObject("Object Menu/btn_Rewards_Menu")): Object: 'Object Repository/Object Menu/btn_Rewards_Menu' is clicked on

2023-10-17 21:13:56 - [MESSAGE][PASSED] - Object: 'Object Repository/Object Menu/btn_Rewards_Menu' is clicked on

2023-10-17 21:13:56 - [TEST_STEP][PASSED] - verifyElementPresent(findTestObject("Object Menu/verify_Successfully_Open_Rewards_Menu"), 0): Object 'Object Repository/Object Menu/verify_Successfully_Open_Rewards_Menu' is present

2023-10-17 21:13:56 - [MESSAGE][WARNING] - Timeout '0' is invalid. Using default page load timeout: '30'

2023-10-17 21:13:56 - [MESSAGE][PASSED] - Object 'Object Repository/Object Menu/verify_Successfully_Open_Rewards_Menu' is present]]></system-out>
         <system-err><![CDATA[]]></system-err>
      </testcase>
      <testcase name="Test Cases/MoLeaWiz/Home/Positive Case/TCMH15 - User can Open Leaderboards while Collapse Expand" time="1.745" classname="Test Cases/MoLeaWiz/Home/Positive Case/TCMH15 - User can Open Leaderboards while Collapse Expand" status="PASSED">
         <system-out><![CDATA[2023-10-17 21:13:56 - [TEST_CASE][PASSED] - Test Cases/MoLeaWiz/Home/Positive Case/TCMH15 - User can Open Leaderboards while Collapse Expand: Test Cases/MoLeaWiz/Home/Positive Case/TCMH15 - User can Open Leaderboards while Collapse Expand

2023-10-17 21:13:57 - [TEST_STEP][PASSED] - click(findTestObject("Object Menu/btn_Collapse_Menu")): Object: 'Object Repository/Object Menu/btn_Collapse_Menu' is clicked on

2023-10-17 21:13:57 - [MESSAGE][PASSED] - Object: 'Object Repository/Object Menu/btn_Collapse_Menu' is clicked on

2023-10-17 21:13:57 - [TEST_STEP][PASSED] - click(findTestObject("Object Menu/btn_Leaderboards_Menu")): Object: 'Object Repository/Object Menu/btn_Leaderboards_Menu' is clicked on

2023-10-17 21:13:57 - [MESSAGE][PASSED] - Object: 'Object Repository/Object Menu/btn_Leaderboards_Menu' is clicked on

2023-10-17 21:13:57 - [TEST_STEP][PASSED] - verifyElementPresent(findTestObject("Object Menu/verify_Successfully_Open_Leaderboards_Menu"), 0): Object 'Object Repository/Object Menu/verify_Successfully_Open_Leaderboards_Menu' is present

2023-10-17 21:13:57 - [MESSAGE][WARNING] - Timeout '0' is invalid. Using default page load timeout: '30'

2023-10-17 21:13:58 - [MESSAGE][PASSED] - Object 'Object Repository/Object Menu/verify_Successfully_Open_Leaderboards_Menu' is present]]></system-out>
         <system-err><![CDATA[]]></system-err>
      </testcase>
      <testcase name="Test Cases/MoLeaWiz/Home/Positive Case/TCMH16 - User can Open Team Monitoring while Collapse Expand" time="1.506" classname="Test Cases/MoLeaWiz/Home/Positive Case/TCMH16 - User can Open Team Monitoring while Collapse Expand" status="PASSED">
         <system-out><![CDATA[2023-10-17 21:13:58 - [TEST_CASE][PASSED] - Test Cases/MoLeaWiz/Home/Positive Case/TCMH16 - User can Open Team Monitoring while Collapse Expand: Test Cases/MoLeaWiz/Home/Positive Case/TCMH16 - User can Open Team Monitoring while Collapse Expand

2023-10-17 21:13:58 - [TEST_STEP][PASSED] - click(findTestObject("Object Menu/btn_Collapse_Menu")): Object: 'Object Repository/Object Menu/btn_Collapse_Menu' is clicked on

2023-10-17 21:13:59 - [MESSAGE][PASSED] - Object: 'Object Repository/Object Menu/btn_Collapse_Menu' is clicked on

2023-10-17 21:13:59 - [TEST_STEP][PASSED] - click(findTestObject("Object Menu/btn_Team_Monitoring_Menu")): Object: 'Object Repository/Object Menu/btn_Team_Monitoring_Menu' is clicked on

2023-10-17 21:13:59 - [MESSAGE][PASSED] - Object: 'Object Repository/Object Menu/btn_Team_Monitoring_Menu' is clicked on

2023-10-17 21:13:59 - [TEST_STEP][PASSED] - verifyElementPresent(findTestObject("Object Menu/verify_Successfully_Open_Team_Monitoring_Menu"), 0): Object 'Object Repository/Object Menu/verify_Successfully_Open_Team_Monitoring_Menu' is present

2023-10-17 21:13:59 - [MESSAGE][WARNING] - Timeout '0' is invalid. Using default page load timeout: '30'

2023-10-17 21:14:00 - [MESSAGE][PASSED] - Object 'Object Repository/Object Menu/verify_Successfully_Open_Team_Monitoring_Menu' is present]]></system-out>
         <system-err><![CDATA[]]></system-err>
      </testcase>
      <testcase name="Test Cases/MoLeaWiz/Home/Positive Case/TCMH17 - User can Open Reviews while Collapse Expand" time="1.726" classname="Test Cases/MoLeaWiz/Home/Positive Case/TCMH17 - User can Open Reviews while Collapse Expand" status="PASSED">
         <system-out><![CDATA[2023-10-17 21:14:00 - [TEST_CASE][PASSED] - Test Cases/MoLeaWiz/Home/Positive Case/TCMH17 - User can Open Reviews while Collapse Expand: Test Cases/MoLeaWiz/Home/Positive Case/TCMH17 - User can Open Reviews while Collapse Expand

2023-10-17 21:14:00 - [TEST_STEP][PASSED] - click(findTestObject("Object Menu/btn_Collapse_Menu")): Object: 'Object Repository/Object Menu/btn_Collapse_Menu' is clicked on

2023-10-17 21:14:00 - [MESSAGE][PASSED] - Object: 'Object Repository/Object Menu/btn_Collapse_Menu' is clicked on

2023-10-17 21:14:00 - [TEST_STEP][PASSED] - click(findTestObject("Object Menu/btn_Reviews_Menu")): Object: 'Object Repository/Object Menu/btn_Reviews_Menu' is clicked on

2023-10-17 21:14:01 - [MESSAGE][PASSED] - Object: 'Object Repository/Object Menu/btn_Reviews_Menu' is clicked on

2023-10-17 21:14:01 - [TEST_STEP][PASSED] - verifyElementPresent(findTestObject("Object Menu/verify_Successfully_Open_Review_Menu"), 0): Object 'Object Repository/Object Menu/verify_Successfully_Open_Review_Menu' is present

2023-10-17 21:14:01 - [MESSAGE][WARNING] - Timeout '0' is invalid. Using default page load timeout: '30'

2023-10-17 21:14:01 - [MESSAGE][PASSED] - Object 'Object Repository/Object Menu/verify_Successfully_Open_Review_Menu' is present]]></system-out>
         <system-err><![CDATA[]]></system-err>
      </testcase>
      <testcase name="Test Cases/MoLeaWiz/Home/Positive Case/TCMH18 - User can Open Help while Collapse Expand" time="1.639" classname="Test Cases/MoLeaWiz/Home/Positive Case/TCMH18 - User can Open Help while Collapse Expand" status="PASSED">
         <system-out><![CDATA[2023-10-17 21:14:01 - [TEST_CASE][PASSED] - Test Cases/MoLeaWiz/Home/Positive Case/TCMH18 - User can Open Help while Collapse Expand: Test Cases/MoLeaWiz/Home/Positive Case/TCMH18 - User can Open Help while Collapse Expand

2023-10-17 21:14:02 - [TEST_STEP][PASSED] - click(findTestObject("Object Menu/btn_Collapse_Menu")): Object: 'Object Repository/Object Menu/btn_Collapse_Menu' is clicked on

2023-10-17 21:14:02 - [MESSAGE][PASSED] - Object: 'Object Repository/Object Menu/btn_Collapse_Menu' is clicked on

2023-10-17 21:14:02 - [TEST_STEP][PASSED] - click(findTestObject("Object Menu/btn_Help_Menu")): Object: 'Object Repository/Object Menu/btn_Help_Menu' is clicked on

2023-10-17 21:14:03 - [MESSAGE][PASSED] - Object: 'Object Repository/Object Menu/btn_Help_Menu' is clicked on

2023-10-17 21:14:03 - [TEST_STEP][PASSED] - verifyElementPresent(findTestObject("Object Menu/verify_Successfully_Open_Help_Menu"), 0): Object 'Object Repository/Object Menu/verify_Successfully_Open_Help_Menu' is present

2023-10-17 21:14:03 - [MESSAGE][WARNING] - Timeout '0' is invalid. Using default page load timeout: '30'

2023-10-17 21:14:03 - [MESSAGE][PASSED] - Object 'Object Repository/Object Menu/verify_Successfully_Open_Help_Menu' is present]]></system-out>
         <system-err><![CDATA[]]></system-err>
      </testcase>
      <testcase name="Test Cases/MoLeaWiz/Home/Positive Case/TCMH19 - User can Open Home while Collapse Expand" time="2.581" classname="Test Cases/MoLeaWiz/Home/Positive Case/TCMH19 - User can Open Home while Collapse Expand" status="PASSED">
         <system-out><![CDATA[2023-10-17 21:14:03 - [TEST_CASE][PASSED] - Test Cases/MoLeaWiz/Home/Positive Case/TCMH19 - User can Open Home while Collapse Expand: Test Cases/MoLeaWiz/Home/Positive Case/TCMH19 - User can Open Home while Collapse Expand

2023-10-17 21:14:03 - [TEST_STEP][PASSED] - click(findTestObject("Object Menu/btn_Collapse_Menu")): Object: 'Object Repository/Object Menu/btn_Collapse_Menu' is clicked on

2023-10-17 21:14:04 - [MESSAGE][PASSED] - Object: 'Object Repository/Object Menu/btn_Collapse_Menu' is clicked on

2023-10-17 21:14:04 - [TEST_STEP][PASSED] - click(findTestObject("Object Menu/btn_Home_Menu")): Object: 'Object Repository/Object Menu/btn_Home_Menu' is clicked on

2023-10-17 21:14:04 - [MESSAGE][PASSED] - Object: 'Object Repository/Object Menu/btn_Home_Menu' is clicked on

2023-10-17 21:14:04 - [TEST_STEP][PASSED] - verifyElementPresent(findTestObject("Object Login/verify_Successfully_Login"), 0): Object 'Object Repository/Object Login/verify_Successfully_Login' is present

2023-10-17 21:14:04 - [MESSAGE][WARNING] - Timeout '0' is invalid. Using default page load timeout: '30'

2023-10-17 21:14:06 - [MESSAGE][PASSED] - Object 'Object Repository/Object Login/verify_Successfully_Login' is present]]></system-out>
         <system-err><![CDATA[]]></system-err>
      </testcase>
      <system-out><![CDATA[2023-10-17 21:13:26 - [TEST_SUITE][PASSED] - Scenario Positive Case - Home: Test Cases/MoLeaWiz/Home/Positive Case/TCMH19 - User can Open Home while Collapse Expand]]></system-out>
      <system-err><![CDATA[]]></system-err>
   </testsuite>
</testsuites>
